#
# There is insufficient memory for the Java Runtime Environment to continue.
# Native memory allocation (malloc) failed to allocate 304736 bytes. Error detail: Chunk::new
# Possible reasons:
#   The system is out of physical RAM or swap space
#   This process is running with CompressedOops enabled, and the Java Heap may be blocking the growth of the native heap
# Possible solutions:
#   Reduce memory load on the system
#   Increase physical memory or swap space
#   Check if swap backing store is full
#   Decrease Java heap size (-Xmx/-Xms)
#   Decrease number of Java threads
#   Decrease Java thread stack sizes (-Xss)
#   Set larger code cache with -XX:ReservedCodeCacheSize=
#   JVM is running with Unscaled Compressed Oops mode in which the Java heap is
#     placed in the first 4GB address space. The Java Heap base address is the
#     maximum limit for the native heap growth. Please use -XX:HeapBaseMinAddress
#     to set the Java Heap base and to place the Java Heap above 4GB virtual address.
# This output file may be truncated or incomplete.
#
#  Out of Memory Error (arena.cpp:168), pid=58928, tid=22424
#
# JRE version: OpenJDK Runtime Environment Temurin-21.0.8+9 (21.0.8+9) (build 21.0.8+9-LTS)
# Java VM: OpenJDK 64-Bit Server VM Temurin-21.0.8+9 (21.0.8+9-LTS, mixed mode, sharing, tiered, compressed oops, compressed class ptrs, parallel gc, windows-amd64)
# No core dump will be written. Minidumps are not enabled by default on client versions of Windows
#

---------------  S U M M A R Y ------------

Command Line: --add-modules=ALL-SYSTEM --add-opens=java.base/java.util=ALL-UNNAMED --add-opens=java.base/java.lang=ALL-UNNAMED --add-opens=java.base/sun.nio.fs=ALL-UNNAMED -Declipse.application=org.eclipse.jdt.ls.core.id1 -Dosgi.bundles.defaultStartLevel=4 -Declipse.product=org.eclipse.jdt.ls.core.product -Djava.import.generatesMetadataFilesAtProjectRoot=false -DDetectVMInstallationsJob.disabled=true -Dfile.encoding=utf8 -XX:+UseParallelGC -XX:GCTimeRatio=4 -XX:AdaptiveSizePolicyWeight=90 -Dsun.zip.disableMemoryMapping=true -Xmx2G -Xms100m -Xlog:disable -javaagent:c:\Users\deana\.vscode\extensions\redhat.java-1.47.0-win32-x64\lombok\lombok-1.18.39-4050.jar -XX:+HeapDumpOnOutOfMemoryError -XX:HeapDumpPath=c:\Users\deana\AppData\Roaming\Code\User\workspaceStorage\17b384ba72b626b6a9297c97e2fdff76\redhat.java -Daether.dependencyCollector.impl=bf c:\Users\deana\.vscode\extensions\redhat.java-1.47.0-win32-x64\server\plugins\org.eclipse.equinox.launcher_1.7.100.v20251014-1222.jar -configuration c:\Users\deana\AppData\Roaming\Code\User\globalStorage\redhat.java\1.47.0\config_win -data c:\Users\deana\AppData\Roaming\Code\User\workspaceStorage\17b384ba72b626b6a9297c97e2fdff76\redhat.java\jdt_ws --pipe=\\.\pipe\lsp-06b95a17ae8273e91eac8aaef1a6f2dd-sock

Host: 13th Gen Intel(R) Core(TM) i7-1355U, 12 cores, 15G,  Windows 11 , 64 bit Build 26100 (10.0.26100.6725)
Time: Fri Oct 31 10:32:24 2025 Eastern Daylight Time elapsed time: 14.630593 seconds (0d 0h 0m 14s)

---------------  T H R E A D  ---------------

Current thread (0x000001ac5d322250):  JavaThread "C2 CompilerThread2" daemon [_thread_in_native, id=22424, stack(0x0000009975700000,0x0000009975800000) (1024K)]


Current CompileTask:
C2:14630 7659       4       java.util.zip.ZipFile$Source::initCEN (612 bytes)

Stack: [0x0000009975700000,0x0000009975800000]
Native frames: (J=compiled Java code, j=interpreted, Vv=VM code, C=native code)
V  [jvm.dll+0x6d2449]
V  [jvm.dll+0x8ae341]
V  [jvm.dll+0x8b08be]
V  [jvm.dll+0x8b0fa3]
V  [jvm.dll+0x280c96]
V  [jvm.dll+0xc581d]
V  [jvm.dll+0xc5d53]
V  [jvm.dll+0x2f539d]
V  [jvm.dll+0x5fa00a]
V  [jvm.dll+0x252092]
V  [jvm.dll+0x24a85c]
V  [jvm.dll+0x2483a4]
V  [jvm.dll+0x1c89ee]
V  [jvm.dll+0x257d4d]
V  [jvm.dll+0x2562ea]
V  [jvm.dll+0x3f2d16]
V  [jvm.dll+0x857e6b]
V  [jvm.dll+0x6d0b0d]
C  [ucrtbase.dll+0x37b0]
C  [KERNEL32.DLL+0x2e8d7]
C  [ntdll.dll+0x8c53c]


---------------  P R O C E S S  ---------------

Threads class SMR info:
_java_thread_list=0x000001ac5dd4f400, length=55, elements={
0x000001ac7c84dfd0, 0x000001ac135fddc0, 0x000001ac7c8f02e0, 0x000001ac7c8f38c0,
0x000001ac7c8f4770, 0x000001ac7c8f53c0, 0x000001ac7c8f5e10, 0x000001ac7c8f8ef0,
0x000001ac55afb330, 0x000001ac55bc3bd0, 0x000001ac55e1dc60, 0x000001ac5b3cdc10,
0x000001ac5b912c50, 0x000001ac5b523a20, 0x000001ac5b75f570, 0x000001ac5c07c5b0,
0x000001ac5bca0610, 0x000001ac5c038750, 0x000001ac5c0373a0, 0x000001ac5c0380c0,
0x000001ac5c036680, 0x000001ac5c037a30, 0x000001ac5c0352d0, 0x000001ac5c035960,
0x000001ac5c035ff0, 0x000001ac5dee09f0, 0x000001ac5dedfcd0, 0x000001ac5dedefb0,
0x000001ac5dee1080, 0x000001ac5dee0360, 0x000001ac5deddc00, 0x000001ac5dedf640,
0x000001ac5dee1710, 0x000001ac5dede290, 0x000001ac5dede920, 0x000001ac5dee3150,
0x000001ac5dee1da0, 0x000001ac5dee5220, 0x000001ac5dee2430, 0x000001ac5dee2ac0,
0x000001ac5dee4500, 0x000001ac5dee37e0, 0x000001ac5dee3e70, 0x000001ac5dee4b90,
0x000001ac5d080520, 0x000001ac5d07f800, 0x000001ac5d07eae0, 0x000001ac5d07fe90,
0x000001ac5d07f170, 0x000001ac5d0818d0, 0x000001ac5d082c80, 0x000001ac5d083310,
0x000001ac5d0825f0, 0x000001ac5f590dc0, 0x000001ac5d322250
}

Java Threads: ( => current thread )
  0x000001ac7c84dfd0 JavaThread "main"                              [_thread_blocked, id=79296, stack(0x0000009971300000,0x0000009971400000) (1024K)]
  0x000001ac135fddc0 JavaThread "Reference Handler"          daemon [_thread_blocked, id=23720, stack(0x0000009971700000,0x0000009971800000) (1024K)]
  0x000001ac7c8f02e0 JavaThread "Finalizer"                  daemon [_thread_blocked, id=61568, stack(0x0000009971800000,0x0000009971900000) (1024K)]
  0x000001ac7c8f38c0 JavaThread "Signal Dispatcher"          daemon [_thread_blocked, id=45244, stack(0x0000009971900000,0x0000009971a00000) (1024K)]
  0x000001ac7c8f4770 JavaThread "Attach Listener"            daemon [_thread_blocked, id=28256, stack(0x0000009971a00000,0x0000009971b00000) (1024K)]
  0x000001ac7c8f53c0 JavaThread "Service Thread"             daemon [_thread_blocked, id=70532, stack(0x0000009971b00000,0x0000009971c00000) (1024K)]
  0x000001ac7c8f5e10 JavaThread "Monitor Deflation Thread"   daemon [_thread_blocked, id=32592, stack(0x0000009971c00000,0x0000009971d00000) (1024K)]
  0x000001ac7c8f8ef0 JavaThread "C2 CompilerThread0"         daemon [_thread_in_native, id=42572, stack(0x0000009971d00000,0x0000009971e00000) (1024K)]
  0x000001ac55afb330 JavaThread "C1 CompilerThread0"         daemon [_thread_in_native, id=19688, stack(0x0000009971e00000,0x0000009971f00000) (1024K)]
  0x000001ac55bc3bd0 JavaThread "Common-Cleaner"             daemon [_thread_blocked, id=54320, stack(0x0000009971f00000,0x0000009972000000) (1024K)]
  0x000001ac55e1dc60 JavaThread "Notification Thread"        daemon [_thread_blocked, id=80696, stack(0x0000009972100000,0x0000009972200000) (1024K)]
  0x000001ac5b3cdc10 JavaThread "Active Thread: Equinox Container: 9b3879ed-fea6-41af-9f28-e9ce083296dd"        [_thread_blocked, id=25192, stack(0x0000009972900000,0x0000009972a00000) (1024K)]
  0x000001ac5b912c50 JavaThread "Refresh Thread: Equinox Container: 9b3879ed-fea6-41af-9f28-e9ce083296dd" daemon [_thread_blocked, id=62060, stack(0x0000009972a00000,0x0000009972b00000) (1024K)]
  0x000001ac5b523a20 JavaThread "Framework Event Dispatcher: Equinox Container: 9b3879ed-fea6-41af-9f28-e9ce083296dd" daemon [_thread_blocked, id=4152, stack(0x0000009972c00000,0x0000009972d00000) (1024K)]
  0x000001ac5b75f570 JavaThread "Start Level: Equinox Container: 9b3879ed-fea6-41af-9f28-e9ce083296dd" daemon [_thread_blocked, id=8056, stack(0x0000009972d00000,0x0000009972e00000) (1024K)]
  0x000001ac5c07c5b0 JavaThread "Bundle File Closer"         daemon [_thread_blocked, id=7668, stack(0x0000009973000000,0x0000009973100000) (1024K)]
  0x000001ac5bca0610 JavaThread "SCR Component Actor"        daemon [_thread_blocked, id=25676, stack(0x0000009973100000,0x0000009973200000) (1024K)]
  0x000001ac5c038750 JavaThread "Worker-JM"                         [_thread_blocked, id=63932, stack(0x0000009973200000,0x0000009973300000) (1024K)]
  0x000001ac5c0373a0 JavaThread "JNA Cleaner"                daemon [_thread_blocked, id=72148, stack(0x0000009972000000,0x0000009972100000) (1024K)]
  0x000001ac5c0380c0 JavaThread "Worker-0"                          [_thread_blocked, id=66728, stack(0x0000009972200000,0x0000009972300000) (1024K)]
  0x000001ac5c036680 JavaThread "Worker-1: Initialize workspace"        [_thread_blocked, id=30948, stack(0x0000009973300000,0x0000009973400000) (1024K)]
  0x000001ac5c037a30 JavaThread "Java indexing"              daemon [_thread_blocked, id=15280, stack(0x0000009973600000,0x0000009973700000) (1024K)]
  0x000001ac5c0352d0 JavaThread "Worker-2: Initialize Workspace"        [_thread_blocked, id=41788, stack(0x0000009973900000,0x0000009973a00000) (1024K)]
  0x000001ac5c035960 JavaThread "Worker-3: Building"                [_thread_in_native, id=23180, stack(0x0000009973a00000,0x0000009973b00000) (1024K)]
  0x000001ac5c035ff0 JavaThread "Thread-1"                   daemon [_thread_in_native, id=32696, stack(0x0000009973b00000,0x0000009973c00000) (1024K)]
  0x000001ac5dee09f0 JavaThread "Thread-2"                   daemon [_thread_in_native, id=61156, stack(0x0000009973c00000,0x0000009973d00000) (1024K)]
  0x000001ac5dedfcd0 JavaThread "Thread-3"                   daemon [_thread_in_native, id=79264, stack(0x0000009973d00000,0x0000009973e00000) (1024K)]
  0x000001ac5dedefb0 JavaThread "Thread-4"                   daemon [_thread_in_native, id=42996, stack(0x0000009973e00000,0x0000009973f00000) (1024K)]
  0x000001ac5dee1080 JavaThread "Thread-5"                   daemon [_thread_in_native, id=71764, stack(0x0000009973f00000,0x0000009974000000) (1024K)]
  0x000001ac5dee0360 JavaThread "Thread-6"                   daemon [_thread_in_native, id=27620, stack(0x0000009974000000,0x0000009974100000) (1024K)]
  0x000001ac5deddc00 JavaThread "Thread-7"                   daemon [_thread_in_native, id=23812, stack(0x0000009974100000,0x0000009974200000) (1024K)]
  0x000001ac5dedf640 JavaThread "Thread-8"                   daemon [_thread_in_native, id=56820, stack(0x0000009974200000,0x0000009974300000) (1024K)]
  0x000001ac5dee1710 JavaThread "Thread-9"                   daemon [_thread_in_native, id=49556, stack(0x0000009974300000,0x0000009974400000) (1024K)]
  0x000001ac5dede290 JavaThread "Thread-10"                  daemon [_thread_in_native, id=65880, stack(0x0000009974400000,0x0000009974500000) (1024K)]
  0x000001ac5dede920 JavaThread "Thread-11"                  daemon [_thread_in_native, id=4180, stack(0x0000009974500000,0x0000009974600000) (1024K)]
  0x000001ac5dee3150 JavaThread "Thread-12"                  daemon [_thread_in_native, id=53652, stack(0x0000009974600000,0x0000009974700000) (1024K)]
  0x000001ac5dee1da0 JavaThread "Thread-13"                  daemon [_thread_in_native, id=47580, stack(0x0000009974700000,0x0000009974800000) (1024K)]
  0x000001ac5dee5220 JavaThread "pool-2-thread-1"                   [_thread_blocked, id=38080, stack(0x0000009974800000,0x0000009974900000) (1024K)]
  0x000001ac5dee2430 JavaThread "WorkspaceEventsHandler"            [_thread_blocked, id=68284, stack(0x0000009974900000,0x0000009974a00000) (1024K)]
  0x000001ac5dee2ac0 JavaThread "pool-1-thread-1"                   [_thread_in_Java, id=52896, stack(0x0000009974a00000,0x0000009974b00000) (1024K)]
  0x000001ac5dee4500 JavaThread "ForkJoinPool.commonPool-worker-1" daemon [_thread_blocked, id=42632, stack(0x0000009974b00000,0x0000009974c00000) (1024K)]
  0x000001ac5dee37e0 JavaThread "ForkJoinPool.commonPool-worker-2" daemon [_thread_in_Java, id=70448, stack(0x0000009974c00000,0x0000009974d00000) (1024K)]
  0x000001ac5dee3e70 JavaThread "ForkJoinPool.commonPool-worker-3" daemon [_thread_blocked, id=36236, stack(0x0000009974d00000,0x0000009974e00000) (1024K)]
  0x000001ac5dee4b90 JavaThread "ForkJoinPool.commonPool-worker-4" daemon [_thread_blocked, id=32528, stack(0x0000009974e00000,0x0000009974f00000) (1024K)]
  0x000001ac5d080520 JavaThread "ForkJoinPool.commonPool-worker-5" daemon [_thread_blocked, id=42200, stack(0x0000009974f00000,0x0000009975000000) (1024K)]
  0x000001ac5d07f800 JavaThread "ForkJoinPool.commonPool-worker-6" daemon [_thread_blocked, id=8796, stack(0x0000009975000000,0x0000009975100000) (1024K)]
  0x000001ac5d07eae0 JavaThread "ForkJoinPool.commonPool-worker-7" daemon [_thread_blocked, id=23280, stack(0x0000009975100000,0x0000009975200000) (1024K)]
  0x000001ac5d07fe90 JavaThread "ForkJoinPool.commonPool-worker-8" daemon [_thread_blocked, id=44348, stack(0x0000009975200000,0x0000009975300000) (1024K)]
  0x000001ac5d07f170 JavaThread "ForkJoinPool.commonPool-worker-9" daemon [_thread_blocked, id=26004, stack(0x0000009975300000,0x0000009975400000) (1024K)]
  0x000001ac5d0818d0 JavaThread "ForkJoinPool.commonPool-worker-11" daemon [_thread_blocked, id=32400, stack(0x0000009975400000,0x0000009975500000) (1024K)]
  0x000001ac5d082c80 JavaThread "ForkJoinPool.commonPool-worker-10" daemon [_thread_blocked, id=63100, stack(0x0000009975500000,0x0000009975600000) (1024K)]
  0x000001ac5d083310 JavaThread "Keep-Alive-Timer"           daemon [_thread_blocked, id=26108, stack(0x0000009973400000,0x0000009973500000) (1024K)]
  0x000001ac5d0825f0 JavaThread "Worker-4"                          [_thread_blocked, id=57872, stack(0x0000009975600000,0x0000009975700000) (1024K)]
  0x000001ac5f590dc0 JavaThread "C2 CompilerThread1"         daemon [_thread_in_native, id=40288, stack(0x0000009973500000,0x0000009973600000) (1024K)]
=>0x000001ac5d322250 JavaThread "C2 CompilerThread2"         daemon [_thread_in_native, id=22424, stack(0x0000009975700000,0x0000009975800000) (1024K)]
Total: 55

Other Threads:
  0x000001ac7c8eeb90 VMThread "VM Thread"                           [id=56712, stack(0x0000009971600000,0x0000009971700000) (1024K)]
  0x000001ac134dca00 WatcherThread "VM Periodic Task Thread"        [id=26028, stack(0x0000009971500000,0x0000009971600000) (1024K)]
  0x000001ac7c86c340 WorkerThread "GC Thread#0"                     [id=40188, stack(0x0000009971400000,0x0000009971500000) (1024K)]
  0x000001ac55e454a0 WorkerThread "GC Thread#1"                     [id=69968, stack(0x0000009972300000,0x0000009972400000) (1024K)]
  0x000001ac5b3be590 WorkerThread "GC Thread#2"                     [id=46632, stack(0x0000009972400000,0x0000009972500000) (1024K)]
  0x000001ac5b49efa0 WorkerThread "GC Thread#3"                     [id=70776, stack(0x0000009972500000,0x0000009972600000) (1024K)]
  0x000001ac5b4a0560 WorkerThread "GC Thread#4"                     [id=21808, stack(0x0000009972600000,0x0000009972700000) (1024K)]
  0x000001ac5b4a01c0 WorkerThread "GC Thread#5"                     [id=52732, stack(0x0000009972700000,0x0000009972800000) (1024K)]
  0x000001ac5b49ec00 WorkerThread "GC Thread#6"                     [id=39588, stack(0x0000009972800000,0x0000009972900000) (1024K)]
  0x000001ac5b49f340 WorkerThread "GC Thread#7"                     [id=63644, stack(0x0000009972b00000,0x0000009972c00000) (1024K)]
  0x000001ac5b49fa80 WorkerThread "GC Thread#8"                     [id=68612, stack(0x0000009972e00000,0x0000009972f00000) (1024K)]
  0x000001ac5bed87f0 WorkerThread "GC Thread#9"                     [id=49672, stack(0x0000009972f00000,0x0000009973000000) (1024K)]
Total: 12

Threads with active compile tasks:
C2 CompilerThread0  14789 7677       4       jdk.internal.jimage.ImageReader$SharedImageReader::makeDirectories (54 bytes)
C1 CompilerThread0  14790 7716       3       org.eclipse.jdt.internal.core.JavaElement::<init> (26 bytes)
C2 CompilerThread1  14790 7684       4       org.eclipse.jdt.internal.core.util.Util::splitOn (134 bytes)
C2 CompilerThread2  14790 7659       4       java.util.zip.ZipFile$Source::initCEN (612 bytes)
Total: 4

VM state: not at safepoint (normal execution)

VM Mutex/Monitor currently owned by a thread: None

Heap address: 0x0000000080000000, size: 2048 MB, Compressed Oops mode: 32-bit

CDS archive(s) mapped at: [0x000001ac14000000-0x000001ac14ba0000-0x000001ac14ba0000), size 12189696, SharedBaseAddress: 0x000001ac14000000, ArchiveRelocationMode: 1.
Compressed class space mapped at: 0x000001ac15000000-0x000001ac55000000, reserved size: 1073741824
Narrow klass base: 0x000001ac14000000, Narrow klass shift: 0, Narrow klass range: 0x100000000

GC Precious Log:
 CardTable entry size: 512
 CPUs: 12 total, 12 available
 Memory: 16068M
 Large Page Support: Disabled
 NUMA Support: Disabled
 Compressed Oops: Enabled (32-bit)
 Alignments: Space 512K, Generation 512K, Heap 2M
 Heap Min Capacity: 100M
 Heap Initial Capacity: 100M
 Heap Max Capacity: 2G
 Pre-touch: Disabled
 Parallel Workers: 10

Heap:
 PSYoungGen      total 24064K, used 14181K [0x00000000d5580000, 0x00000000d7700000, 0x0000000100000000)
  eden space 22016K, 55% used [0x00000000d5580000,0x00000000d6161cb8,0x00000000d6b00000)
  from space 2048K, 98% used [0x00000000d7500000,0x00000000d76f7798,0x00000000d7700000)
  to   space 2560K, 0% used [0x00000000d7200000,0x00000000d7200000,0x00000000d7480000)
 ParOldGen       total 68608K, used 42778K [0x0000000080000000, 0x0000000084300000, 0x00000000d5580000)
  object space 68608K, 62% used [0x0000000080000000,0x00000000829c6948,0x0000000084300000)
 Metaspace       used 53851K, committed 55296K, reserved 1114112K
  class space    used 5921K, committed 6592K, reserved 1048576K

Card table byte_map: [0x000001ac7c1f0000,0x000001ac7c600000] _byte_map_base: 0x000001ac7bdf0000

Marking Bits: (ParMarkBitMap*) 0x00007ffd8348a340
 Begin Bits: [0x000001ac0f000000, 0x000001ac11000000)
 End Bits:   [0x000001ac11000000, 0x000001ac13000000)

Polling page: 0x000001ac7a680000

Metaspace:

Usage:
  Non-class:     46.81 MB used.
      Class:      5.78 MB used.
       Both:     52.59 MB used.

Virtual space:
  Non-class space:       64.00 MB reserved,      47.56 MB ( 74%) committed,  1 nodes.
      Class space:        1.00 GB reserved,       6.44 MB ( <1%) committed,  1 nodes.
             Both:        1.06 GB reserved,      54.00 MB (  5%) committed. 

Chunk freelists:
   Non-Class:  112.00 KB
       Class:  9.55 MB
        Both:  9.66 MB

MaxMetaspaceSize: unlimited
CompressedClassSpaceSize: 1.00 GB
Initial GC threshold: 21.00 MB
Current GC threshold: 58.38 MB
CDS: on
 - commit_granule_bytes: 65536.
 - commit_granule_words: 8192.
 - virtual_space_node_default_size: 8388608.
 - enlarge_chunks_in_place: 1.
 - use_allocation_guard: 0.


Internal statistics:

num_allocs_failed_limit: 6.
num_arena_births: 1022.
num_arena_deaths: 14.
num_vsnodes_births: 2.
num_vsnodes_deaths: 0.
num_space_committed: 864.
num_space_uncommitted: 0.
num_chunks_returned_to_freelist: 20.
num_chunks_taken_from_freelist: 3258.
num_chunk_merges: 9.
num_chunk_splits: 2040.
num_chunks_enlarged: 1192.
num_inconsistent_stats: 0.

CodeHeap 'non-profiled nmethods': size=120000Kb used=3974Kb max_used=3974Kb free=116026Kb
 bounds [0x000001ac07ad0000, 0x000001ac07ec0000, 0x000001ac0f000000]
CodeHeap 'profiled nmethods': size=120000Kb used=14664Kb max_used=14664Kb free=105335Kb
 bounds [0x000001ac00000000, 0x000001ac00e60000, 0x000001ac07530000]
CodeHeap 'non-nmethods': size=5760Kb used=1414Kb max_used=1452Kb free=4345Kb
 bounds [0x000001ac07530000, 0x000001ac077a0000, 0x000001ac07ad0000]
CodeCache: size=245760Kb, used=20052Kb, max_used=20090Kb, free=225706Kb
 total_blobs=7826, nmethods=7112, adapters=620, full_count=0
Compilation: enabled, stopped_count=0, restarted_count=0

Compilation events (20 events):
Event: 9.606 Thread 0x000001ac55afb330 nmethod 7670 0x000001ac00e38510 code [0x000001ac00e386c0, 0x000001ac00e38920]
Event: 9.606 Thread 0x000001ac55afb330 7671       3       org.eclipse.jdt.internal.compiler.util.JrtFileSystem$2::preVisitDirectory (136 bytes)
Event: 9.607 Thread 0x000001ac55afb330 nmethod 7671 0x000001ac00e38a10 code [0x000001ac00e38ca0, 0x000001ac00e39788]
Event: 9.611 Thread 0x000001ac5f590dc0 nmethod 7661 0x000001ac07ea9310 code [0x000001ac07ea9520, 0x000001ac07ea9b78]
Event: 9.611 Thread 0x000001ac5f590dc0 7666       4       org.eclipse.jdt.internal.compiler.util.Util::isClassFileName (82 bytes)
Event: 9.611 Thread 0x000001ac55afb330 7672       1       org.eclipse.jdt.internal.compiler.impl.CompilerOptions::getFirstSupportedJdkLevel (4 bytes)
Event: 9.611 Thread 0x000001ac55afb330 nmethod 7672 0x000001ac07eaa110 code [0x000001ac07eaa2a0, 0x000001ac07eaa350]
Event: 9.613 Thread 0x000001ac5f590dc0 nmethod 7666 0x000001ac07eaa410 code [0x000001ac07eaa5c0, 0x000001ac07eaa7b8]
Event: 9.613 Thread 0x000001ac5f590dc0 7649  s    4       jdk.internal.jimage.ImageReader$SharedImageReader::findNode (36 bytes)
Event: 9.613 Thread 0x000001ac55afb330 7673       3       org.osgi.util.tracker.ServiceTracker::getService (33 bytes)
Event: 9.614 Thread 0x000001ac55afb330 nmethod 7673 0x000001ac00e39a90 code [0x000001ac00e39c80, 0x000001ac00e3a318]
Event: 9.614 Thread 0x000001ac55afb330 7674 %     3       org.eclipse.jdt.internal.core.util.Util::splitOn @ 37 (134 bytes)
Event: 9.616 Thread 0x000001ac55afb330 nmethod 7674% 0x000001ac00e3a590 code [0x000001ac00e3a880, 0x000001ac00e3bbb0]
Event: 9.616 Thread 0x000001ac55afb330 7679 %     3       org.eclipse.jdt.internal.core.util.Util::splitOn @ 78 (134 bytes)
Event: 9.617 Thread 0x000001ac55afb330 nmethod 7679% 0x000001ac00e3c310 code [0x000001ac00e3c600, 0x000001ac00e3d930]
Event: 9.617 Thread 0x000001ac55afb330 7680       1       org.eclipse.core.internal.resources.ProjectInfo::getDescription (5 bytes)
Event: 9.617 Thread 0x000001ac55afb330 nmethod 7680 0x000001ac07eaaa10 code [0x000001ac07eaaba0, 0x000001ac07eaac68]
Event: 9.617 Thread 0x000001ac55afb330 7681       3       org.eclipse.jdt.internal.core.util.Util::splitOn (134 bytes)
Event: 9.618 Thread 0x000001ac55afb330 nmethod 7681 0x000001ac00e3e110 code [0x000001ac00e3e3e0, 0x000001ac00e3f610]
Event: 9.620 Thread 0x000001ac55afb330 7682       3       jdk.internal.jimage.ImageReader$SharedImageReader$$Lambda/0x000001ac1566c000::<init> (15 bytes)

GC Heap History (20 events):
Event: 4.909 GC heap before
{Heap before GC invocations=17 (full 2):
 PSYoungGen      total 23552K, used 23551K [0x00000000d5580000, 0x00000000d7000000, 0x0000000100000000)
  eden space 22016K, 99% used [0x00000000d5580000,0x00000000d6affda8,0x00000000d6b00000)
  from space 1536K, 100% used [0x00000000d6e00000,0x00000000d6f80000,0x00000000d6f80000)
  to   space 2560K, 0% used [0x00000000d6b00000,0x00000000d6b00000,0x00000000d6d80000)
 ParOldGen       total 68608K, used 20907K [0x0000000080000000, 0x0000000084300000, 0x00000000d5580000)
  object space 68608K, 30% used [0x0000000080000000,0x000000008146ae28,0x0000000084300000)
 Metaspace       used 37860K, committed 39104K, reserved 1114112K
  class space    used 3970K, committed 4544K, reserved 1048576K
}
Event: 4.913 GC heap after
{Heap after GC invocations=17 (full 2):
 PSYoungGen      total 24576K, used 2544K [0x00000000d5580000, 0x00000000d8500000, 0x0000000100000000)
  eden space 22016K, 0% used [0x00000000d5580000,0x00000000d5580000,0x00000000d6b00000)
  from space 2560K, 99% used [0x00000000d6b00000,0x00000000d6d7c010,0x00000000d6d80000)
  to   space 13312K, 0% used [0x00000000d7800000,0x00000000d7800000,0x00000000d8500000)
 ParOldGen       total 68608K, used 29869K [0x0000000080000000, 0x0000000084300000, 0x00000000d5580000)
  object space 68608K, 43% used [0x0000000080000000,0x0000000081d2b5b8,0x0000000084300000)
 Metaspace       used 37860K, committed 39104K, reserved 1114112K
  class space    used 3970K, committed 4544K, reserved 1048576K
}
Event: 5.162 GC heap before
{Heap before GC invocations=18 (full 2):
 PSYoungGen      total 24576K, used 24560K [0x00000000d5580000, 0x00000000d8500000, 0x0000000100000000)
  eden space 22016K, 100% used [0x00000000d5580000,0x00000000d6b00000,0x00000000d6b00000)
  from space 2560K, 99% used [0x00000000d6b00000,0x00000000d6d7c010,0x00000000d6d80000)
  to   space 13312K, 0% used [0x00000000d7800000,0x00000000d7800000,0x00000000d8500000)
 ParOldGen       total 68608K, used 29869K [0x0000000080000000, 0x0000000084300000, 0x00000000d5580000)
  object space 68608K, 43% used [0x0000000080000000,0x0000000081d2b5b8,0x0000000084300000)
 Metaspace       used 39392K, committed 40576K, reserved 1114112K
  class space    used 4187K, committed 4736K, reserved 1048576K
}
Event: 5.164 GC heap after
{Heap after GC invocations=18 (full 2):
 PSYoungGen      total 23040K, used 704K [0x00000000d5580000, 0x00000000d7900000, 0x0000000100000000)
  eden space 22016K, 0% used [0x00000000d5580000,0x00000000d5580000,0x00000000d6b00000)
  from space 1024K, 68% used [0x00000000d7800000,0x00000000d78b0000,0x00000000d7900000)
  to   space 5120K, 0% used [0x00000000d6f00000,0x00000000d6f00000,0x00000000d7400000)
 ParOldGen       total 68608K, used 32402K [0x0000000080000000, 0x0000000084300000, 0x00000000d5580000)
  object space 68608K, 47% used [0x0000000080000000,0x0000000081fa4a58,0x0000000084300000)
 Metaspace       used 39392K, committed 40576K, reserved 1114112K
  class space    used 4187K, committed 4736K, reserved 1048576K
}
Event: 5.396 GC heap before
{Heap before GC invocations=19 (full 2):
 PSYoungGen      total 23040K, used 22720K [0x00000000d5580000, 0x00000000d7900000, 0x0000000100000000)
  eden space 22016K, 100% used [0x00000000d5580000,0x00000000d6b00000,0x00000000d6b00000)
  from space 1024K, 68% used [0x00000000d7800000,0x00000000d78b0000,0x00000000d7900000)
  to   space 5120K, 0% used [0x00000000d6f00000,0x00000000d6f00000,0x00000000d7400000)
 ParOldGen       total 68608K, used 32402K [0x0000000080000000, 0x0000000084300000, 0x00000000d5580000)
  object space 68608K, 47% used [0x0000000080000000,0x0000000081fa4a58,0x0000000084300000)
 Metaspace       used 41438K, committed 42688K, reserved 1114112K
  class space    used 4451K, committed 4992K, reserved 1048576K
}
Event: 5.398 GC heap after
{Heap after GC invocations=19 (full 2):
 PSYoungGen      total 27136K, used 884K [0x00000000d5580000, 0x00000000d7880000, 0x0000000100000000)
  eden space 22016K, 0% used [0x00000000d5580000,0x00000000d5580000,0x00000000d6b00000)
  from space 5120K, 17% used [0x00000000d6f00000,0x00000000d6fdd310,0x00000000d7400000)
  to   space 1536K, 0% used [0x00000000d7700000,0x00000000d7700000,0x00000000d7880000)
 ParOldGen       total 68608K, used 32898K [0x0000000080000000, 0x0000000084300000, 0x00000000d5580000)
  object space 68608K, 47% used [0x0000000080000000,0x0000000082020a58,0x0000000084300000)
 Metaspace       used 41438K, committed 42688K, reserved 1114112K
  class space    used 4451K, committed 4992K, reserved 1048576K
}
Event: 5.620 GC heap before
{Heap before GC invocations=20 (full 2):
 PSYoungGen      total 27136K, used 22900K [0x00000000d5580000, 0x00000000d7880000, 0x0000000100000000)
  eden space 22016K, 100% used [0x00000000d5580000,0x00000000d6b00000,0x00000000d6b00000)
  from space 5120K, 17% used [0x00000000d6f00000,0x00000000d6fdd310,0x00000000d7400000)
  to   space 1536K, 0% used [0x00000000d7700000,0x00000000d7700000,0x00000000d7880000)
 ParOldGen       total 68608K, used 32898K [0x0000000080000000, 0x0000000084300000, 0x00000000d5580000)
  object space 68608K, 47% used [0x0000000080000000,0x0000000082020a58,0x0000000084300000)
 Metaspace       used 43877K, committed 45120K, reserved 1114112K
  class space    used 4772K, committed 5312K, reserved 1048576K
}
Event: 5.621 GC heap after
{Heap after GC invocations=20 (full 2):
 PSYoungGen      total 23552K, used 1376K [0x00000000d5580000, 0x00000000d7880000, 0x0000000100000000)
  eden space 22016K, 0% used [0x00000000d5580000,0x00000000d5580000,0x00000000d6b00000)
  from space 1536K, 89% used [0x00000000d7700000,0x00000000d7858000,0x00000000d7880000)
  to   space 1536K, 0% used [0x00000000d7580000,0x00000000d7580000,0x00000000d7700000)
 ParOldGen       total 68608K, used 33506K [0x0000000080000000, 0x0000000084300000, 0x00000000d5580000)
  object space 68608K, 48% used [0x0000000080000000,0x00000000820b8a58,0x0000000084300000)
 Metaspace       used 43877K, committed 45120K, reserved 1114112K
  class space    used 4772K, committed 5312K, reserved 1048576K
}
Event: 5.899 GC heap before
{Heap before GC invocations=21 (full 2):
 PSYoungGen      total 23552K, used 23392K [0x00000000d5580000, 0x00000000d7880000, 0x0000000100000000)
  eden space 22016K, 100% used [0x00000000d5580000,0x00000000d6b00000,0x00000000d6b00000)
  from space 1536K, 89% used [0x00000000d7700000,0x00000000d7858000,0x00000000d7880000)
  to   space 1536K, 0% used [0x00000000d7580000,0x00000000d7580000,0x00000000d7700000)
 ParOldGen       total 68608K, used 33506K [0x0000000080000000, 0x0000000084300000, 0x00000000d5580000)
  object space 68608K, 48% used [0x0000000080000000,0x00000000820b8a58,0x0000000084300000)
 Metaspace       used 46280K, committed 47488K, reserved 1114112K
  class space    used 5084K, committed 5632K, reserved 1048576K
}
Event: 5.903 GC heap after
{Heap after GC invocations=21 (full 2):
 PSYoungGen      total 23552K, used 1497K [0x00000000d5580000, 0x00000000d7780000, 0x0000000100000000)
  eden space 22016K, 0% used [0x00000000d5580000,0x00000000d5580000,0x00000000d6b00000)
  from space 1536K, 97% used [0x00000000d7580000,0x00000000d76f65f0,0x00000000d7700000)
  to   space 512K, 0% used [0x00000000d7700000,0x00000000d7700000,0x00000000d7780000)
 ParOldGen       total 68608K, used 34682K [0x0000000080000000, 0x0000000084300000, 0x00000000d5580000)
  object space 68608K, 50% used [0x0000000080000000,0x00000000821dea78,0x0000000084300000)
 Metaspace       used 46280K, committed 47488K, reserved 1114112K
  class space    used 5084K, committed 5632K, reserved 1048576K
}
Event: 6.351 GC heap before
{Heap before GC invocations=22 (full 2):
 PSYoungGen      total 23552K, used 23513K [0x00000000d5580000, 0x00000000d7780000, 0x0000000100000000)
  eden space 22016K, 100% used [0x00000000d5580000,0x00000000d6b00000,0x00000000d6b00000)
  from space 1536K, 97% used [0x00000000d7580000,0x00000000d76f65f0,0x00000000d7700000)
  to   space 512K, 0% used [0x00000000d7700000,0x00000000d7700000,0x00000000d7780000)
 ParOldGen       total 68608K, used 34682K [0x0000000080000000, 0x0000000084300000, 0x00000000d5580000)
  object space 68608K, 50% used [0x0000000080000000,0x00000000821dea78,0x0000000084300000)
 Metaspace       used 46890K, committed 48128K, reserved 1114112K
  class space    used 5129K, committed 5696K, reserved 1048576K
}
Event: 6.352 GC heap after
{Heap after GC invocations=22 (full 2):
 PSYoungGen      total 22528K, used 445K [0x00000000d5580000, 0x00000000d7780000, 0x0000000100000000)
  eden space 22016K, 0% used [0x00000000d5580000,0x00000000d5580000,0x00000000d6b00000)
  from space 512K, 87% used [0x00000000d7700000,0x00000000d776f600,0x00000000d7780000)
  to   space 1024K, 0% used [0x00000000d7580000,0x00000000d7580000,0x00000000d7680000)
 ParOldGen       total 68608K, used 35996K [0x0000000080000000, 0x0000000084300000, 0x00000000d5580000)
  object space 68608K, 52% used [0x0000000080000000,0x0000000082327298,0x0000000084300000)
 Metaspace       used 46890K, committed 48128K, reserved 1114112K
  class space    used 5129K, committed 5696K, reserved 1048576K
}
Event: 6.544 GC heap before
{Heap before GC invocations=23 (full 2):
 PSYoungGen      total 22528K, used 22461K [0x00000000d5580000, 0x00000000d7780000, 0x0000000100000000)
  eden space 22016K, 100% used [0x00000000d5580000,0x00000000d6b00000,0x00000000d6b00000)
  from space 512K, 87% used [0x00000000d7700000,0x00000000d776f600,0x00000000d7780000)
  to   space 1024K, 0% used [0x00000000d7580000,0x00000000d7580000,0x00000000d7680000)
 ParOldGen       total 68608K, used 35996K [0x0000000080000000, 0x0000000084300000, 0x00000000d5580000)
  object space 68608K, 52% used [0x0000000080000000,0x0000000082327298,0x0000000084300000)
 Metaspace       used 48439K, committed 49728K, reserved 1114112K
  class space    used 5291K, committed 5888K, reserved 1048576K
}
Event: 6.545 GC heap after
{Heap after GC invocations=23 (full 2):
 PSYoungGen      total 23040K, used 1024K [0x00000000d5580000, 0x00000000d7780000, 0x0000000100000000)
  eden space 22016K, 0% used [0x00000000d5580000,0x00000000d5580000,0x00000000d6b00000)
  from space 1024K, 100% used [0x00000000d7580000,0x00000000d7680000,0x00000000d7680000)
  to   space 1024K, 0% used [0x00000000d7680000,0x00000000d7680000,0x00000000d7780000)
 ParOldGen       total 68608K, used 39092K [0x0000000080000000, 0x0000000084300000, 0x00000000d5580000)
  object space 68608K, 56% used [0x0000000080000000,0x000000008262d098,0x0000000084300000)
 Metaspace       used 48439K, committed 49728K, reserved 1114112K
  class space    used 5291K, committed 5888K, reserved 1048576K
}
Event: 8.132 GC heap before
{Heap before GC invocations=24 (full 2):
 PSYoungGen      total 23040K, used 23040K [0x00000000d5580000, 0x00000000d7780000, 0x0000000100000000)
  eden space 22016K, 100% used [0x00000000d5580000,0x00000000d6b00000,0x00000000d6b00000)
  from space 1024K, 100% used [0x00000000d7580000,0x00000000d7680000,0x00000000d7680000)
  to   space 1024K, 0% used [0x00000000d7680000,0x00000000d7680000,0x00000000d7780000)
 ParOldGen       total 68608K, used 39092K [0x0000000080000000, 0x0000000084300000, 0x00000000d5580000)
  object space 68608K, 56% used [0x0000000080000000,0x000000008262d098,0x0000000084300000)
 Metaspace       used 51730K, committed 53120K, reserved 1114112K
  class space    used 5704K, committed 6336K, reserved 1048576K
}
Event: 8.134 GC heap after
{Heap after GC invocations=24 (full 2):
 PSYoungGen      total 23040K, used 1022K [0x00000000d5580000, 0x00000000d7780000, 0x0000000100000000)
  eden space 22016K, 0% used [0x00000000d5580000,0x00000000d5580000,0x00000000d6b00000)
  from space 1024K, 99% used [0x00000000d7680000,0x00000000d777fab8,0x00000000d7780000)
  to   space 3072K, 0% used [0x00000000d7180000,0x00000000d7180000,0x00000000d7480000)
 ParOldGen       total 68608K, used 40288K [0x0000000080000000, 0x0000000084300000, 0x00000000d5580000)
  object space 68608K, 58% used [0x0000000080000000,0x0000000082758138,0x0000000084300000)
 Metaspace       used 51730K, committed 53120K, reserved 1114112K
  class space    used 5704K, committed 6336K, reserved 1048576K
}
Event: 9.546 GC heap before
{Heap before GC invocations=25 (full 2):
 PSYoungGen      total 23040K, used 23038K [0x00000000d5580000, 0x00000000d7780000, 0x0000000100000000)
  eden space 22016K, 100% used [0x00000000d5580000,0x00000000d6b00000,0x00000000d6b00000)
  from space 1024K, 99% used [0x00000000d7680000,0x00000000d777fab8,0x00000000d7780000)
  to   space 3072K, 0% used [0x00000000d7180000,0x00000000d7180000,0x00000000d7480000)
 ParOldGen       total 68608K, used 40288K [0x0000000080000000, 0x0000000084300000, 0x00000000d5580000)
  object space 68608K, 58% used [0x0000000080000000,0x0000000082758138,0x0000000084300000)
 Metaspace       used 53790K, committed 55232K, reserved 1114112K
  class space    used 5918K, committed 6592K, reserved 1048576K
}
Event: 9.550 GC heap after
{Heap after GC invocations=25 (full 2):
 PSYoungGen      total 25088K, used 1672K [0x00000000d5580000, 0x00000000d7700000, 0x0000000100000000)
  eden space 22016K, 0% used [0x00000000d5580000,0x00000000d5580000,0x00000000d6b00000)
  from space 3072K, 54% used [0x00000000d7180000,0x00000000d73221d8,0x00000000d7480000)
  to   space 2048K, 0% used [0x00000000d7500000,0x00000000d7500000,0x00000000d7700000)
 ParOldGen       total 68608K, used 41284K [0x0000000080000000, 0x0000000084300000, 0x00000000d5580000)
  object space 68608K, 60% used [0x0000000080000000,0x0000000082851030,0x0000000084300000)
 Metaspace       used 53790K, committed 55232K, reserved 1114112K
  class space    used 5918K, committed 6592K, reserved 1048576K
}
Event: 9.608 GC heap before
{Heap before GC invocations=26 (full 2):
 PSYoungGen      total 25088K, used 23688K [0x00000000d5580000, 0x00000000d7700000, 0x0000000100000000)
  eden space 22016K, 99% used [0x00000000d5580000,0x00000000d6afffe0,0x00000000d6b00000)
  from space 3072K, 54% used [0x00000000d7180000,0x00000000d73221d8,0x00000000d7480000)
  to   space 2048K, 0% used [0x00000000d7500000,0x00000000d7500000,0x00000000d7700000)
 ParOldGen       total 68608K, used 41284K [0x0000000080000000, 0x0000000084300000, 0x00000000d5580000)
  object space 68608K, 60% used [0x0000000080000000,0x0000000082851030,0x0000000084300000)
 Metaspace       used 53804K, committed 55232K, reserved 1114112K
  class space    used 5918K, committed 6592K, reserved 1048576K
}
Event: 9.610 GC heap after
{Heap after GC invocations=26 (full 2):
 PSYoungGen      total 24064K, used 2013K [0x00000000d5580000, 0x00000000d7700000, 0x0000000100000000)
  eden space 22016K, 0% used [0x00000000d5580000,0x00000000d5580000,0x00000000d6b00000)
  from space 2048K, 98% used [0x00000000d7500000,0x00000000d76f7798,0x00000000d7700000)
  to   space 2560K, 0% used [0x00000000d7200000,0x00000000d7200000,0x00000000d7480000)
 ParOldGen       total 68608K, used 42778K [0x0000000080000000, 0x0000000084300000, 0x00000000d5580000)
  object space 68608K, 62% used [0x0000000080000000,0x00000000829c6948,0x0000000084300000)
 Metaspace       used 53804K, committed 55232K, reserved 1114112K
  class space    used 5918K, committed 6592K, reserved 1048576K
}

Dll operation events (12 events):
Event: 0.020 Loaded shared library c:\Users\deana\.vscode\extensions\redhat.java-1.47.0-win32-x64\jre\21.0.8-win32-x86_64\bin\java.dll
Event: 0.111 Loaded shared library c:\Users\deana\.vscode\extensions\redhat.java-1.47.0-win32-x64\jre\21.0.8-win32-x86_64\bin\zip.dll
Event: 0.135 Loaded shared library C:\Users\deana\.vscode\extensions\redhat.java-1.47.0-win32-x64\jre\21.0.8-win32-x86_64\bin\instrument.dll
Event: 0.143 Loaded shared library C:\Users\deana\.vscode\extensions\redhat.java-1.47.0-win32-x64\jre\21.0.8-win32-x86_64\bin\net.dll
Event: 0.146 Loaded shared library C:\Users\deana\.vscode\extensions\redhat.java-1.47.0-win32-x64\jre\21.0.8-win32-x86_64\bin\nio.dll
Event: 0.152 Loaded shared library C:\Users\deana\.vscode\extensions\redhat.java-1.47.0-win32-x64\jre\21.0.8-win32-x86_64\bin\zip.dll
Event: 0.177 Loaded shared library C:\Users\deana\.vscode\extensions\redhat.java-1.47.0-win32-x64\jre\21.0.8-win32-x86_64\bin\jimage.dll
Event: 0.290 Loaded shared library c:\Users\deana\.vscode\extensions\redhat.java-1.47.0-win32-x64\jre\21.0.8-win32-x86_64\bin\verify.dll
Event: 1.455 Loaded shared library C:\Users\deana\AppData\Roaming\Code\User\globalStorage\redhat.java\1.47.0\config_win\org.eclipse.equinox.launcher\org.eclipse.equinox.launcher.win32.win32.x86_64_1.2.1400.v20250801-0854\eclipse_11916.dll
Event: 2.986 Loaded shared library C:\Users\deana\AppData\Local\Temp\jna-95457715\jna12344894954698875395.dll
Event: 6.477 Loaded shared library C:\Users\deana\.vscode\extensions\redhat.java-1.47.0-win32-x64\jre\21.0.8-win32-x86_64\bin\sunmscapi.dll
Event: 6.609 Loaded shared library C:\Users\deana\.vscode\extensions\redhat.java-1.47.0-win32-x64\jre\21.0.8-win32-x86_64\bin\extnet.dll

Deoptimization events (20 events):
Event: 9.533 Thread 0x000001ac5dee2ac0 DEOPT UNPACKING pc=0x000001ac07583aa2 sp=0x0000009974afbfa0 mode 2
Event: 9.534 Thread 0x000001ac5dee2ac0 Uncommon trap: trap_request=0xffffffde fr.pc=0x000001ac07c765cc relative=0x00000000000000ac
Event: 9.534 Thread 0x000001ac5dee2ac0 Uncommon trap: reason=class_check action=maybe_recompile pc=0x000001ac07c765cc method=jdk.internal.util.StrongReferenceKey.equals(Ljava/lang/Object;)Z @ 1 c2
Event: 9.534 Thread 0x000001ac5dee2ac0 DEOPT PACKING pc=0x000001ac07c765cc sp=0x0000009974afc270
Event: 9.534 Thread 0x000001ac5dee2ac0 DEOPT UNPACKING pc=0x000001ac07583aa2 sp=0x0000009974afc1f8 mode 2
Event: 9.534 Thread 0x000001ac5dee2ac0 Uncommon trap: trap_request=0xffffffde fr.pc=0x000001ac07c765cc relative=0x00000000000000ac
Event: 9.534 Thread 0x000001ac5dee2ac0 Uncommon trap: reason=class_check action=maybe_recompile pc=0x000001ac07c765cc method=jdk.internal.util.StrongReferenceKey.equals(Ljava/lang/Object;)Z @ 1 c2
Event: 9.534 Thread 0x000001ac5dee2ac0 DEOPT PACKING pc=0x000001ac07c765cc sp=0x0000009974afbc90
Event: 9.534 Thread 0x000001ac5dee2ac0 DEOPT UNPACKING pc=0x000001ac07583aa2 sp=0x0000009974afbc18 mode 2
Event: 9.535 Thread 0x000001ac5dee2ac0 Uncommon trap: trap_request=0xffffff45 fr.pc=0x000001ac07e985e0 relative=0x00000000000001a0
Event: 9.535 Thread 0x000001ac5dee2ac0 Uncommon trap: reason=unstable_if action=reinterpret pc=0x000001ac07e985e0 method=jdk.internal.jrtfs.JrtPath.normalize(Ljava/lang/String;)Ljava/lang/String; @ 78 c2
Event: 9.535 Thread 0x000001ac5dee2ac0 DEOPT PACKING pc=0x000001ac07e985e0 sp=0x0000009974afcc20
Event: 9.535 Thread 0x000001ac5dee2ac0 DEOPT UNPACKING pc=0x000001ac07583aa2 sp=0x0000009974afcba0 mode 2
Event: 9.589 Thread 0x000001ac5c035960 DEOPT PACKING pc=0x000001ac00ae2167 sp=0x0000009973afe590
Event: 9.589 Thread 0x000001ac5c035960 DEOPT UNPACKING pc=0x000001ac07584242 sp=0x0000009973afdb00 mode 0
Event: 9.613 Thread 0x000001ac5dee2ac0 Uncommon trap: trap_request=0xffffff45 fr.pc=0x000001ac07ea7eb8 relative=0x00000000000011b8
Event: 9.613 Thread 0x000001ac5dee2ac0 Uncommon trap: reason=unstable_if action=reinterpret pc=0x000001ac07ea7eb8 method=org.eclipse.jdt.internal.core.util.Util.splitOn(CLjava/lang/String;II)[Ljava/lang/String; @ 21 c2
Event: 9.613 Thread 0x000001ac5dee2ac0 DEOPT PACKING pc=0x000001ac07ea7eb8 sp=0x0000009974afcb60
Event: 9.613 Thread 0x000001ac5dee2ac0 DEOPT UNPACKING pc=0x000001ac07583aa2 sp=0x0000009974afcb28 mode 2
Event: 9.627 Thread 0x000001ac5dee2ac0 Uncommon trap: trap_request=0xffffff76 fr.pc=0x000001ac07ea996c relative=0x000000000000044c

Classes loaded (20 events):
Event: 9.211 Loading class sun/nio/ch/FileChannelImpl$DefaultUnmapper
Event: 9.211 Loading class sun/nio/ch/FileChannelImpl$Unmapper
Event: 9.211 Loading class jdk/internal/access/foreign/UnmapperProxy
Event: 9.211 Loading class jdk/internal/access/foreign/UnmapperProxy done
Event: 9.211 Loading class sun/nio/ch/FileChannelImpl$Unmapper done
Event: 9.211 Loading class sun/nio/ch/FileChannelImpl$DefaultUnmapper done
Event: 9.211 Loading class sun/nio/ch/Util$4
Event: 9.211 Loading class sun/nio/ch/Util$4 done
Event: 9.415 Loading class java/nio/file/ClosedDirectoryStreamException
Event: 9.415 Loading class java/nio/file/ClosedDirectoryStreamException done
Event: 9.415 Loading class jdk/internal/jrtfs/JrtFileSystem
Event: 9.416 Loading class jdk/internal/jrtfs/JrtFileSystem done
Event: 9.416 Loading class jdk/internal/jrtfs/JrtPath
Event: 9.417 Loading class jdk/internal/jrtfs/JrtPath done
Event: 9.417 Loading class jdk/internal/jimage/ImageReader$Node
Event: 9.417 Loading class jdk/internal/jimage/ImageReader$Node done
Event: 9.430 Loading class java/nio/ByteBufferAsIntBufferL
Event: 9.430 Loading class java/nio/ByteBufferAsIntBufferL done
Event: 9.439 Loading class jdk/internal/jimage/ImageReader$Directory
Event: 9.440 Loading class jdk/internal/jimage/ImageReader$Directory done

Classes unloaded (7 events):
Event: 3.530 Thread 0x000001ac7c8eeb90 Unloading class 0x000001ac151ad400 'java/lang/invoke/LambdaForm$MH+0x000001ac151ad400'
Event: 3.530 Thread 0x000001ac7c8eeb90 Unloading class 0x000001ac151ad000 'java/lang/invoke/LambdaForm$MH+0x000001ac151ad000'
Event: 3.530 Thread 0x000001ac7c8eeb90 Unloading class 0x000001ac151acc00 'java/lang/invoke/LambdaForm$MH+0x000001ac151acc00'
Event: 3.530 Thread 0x000001ac7c8eeb90 Unloading class 0x000001ac151ac800 'java/lang/invoke/LambdaForm$MH+0x000001ac151ac800'
Event: 3.530 Thread 0x000001ac7c8eeb90 Unloading class 0x000001ac151ac400 'java/lang/invoke/LambdaForm$BMH+0x000001ac151ac400'
Event: 3.530 Thread 0x000001ac7c8eeb90 Unloading class 0x000001ac151ac000 'java/lang/invoke/LambdaForm$DMH+0x000001ac151ac000'
Event: 3.530 Thread 0x000001ac7c8eeb90 Unloading class 0x000001ac151aac00 'java/lang/invoke/LambdaForm$DMH+0x000001ac151aac00'

Classes redefined (0 events):
No events

Internal exceptions (20 events):
Event: 6.324 Thread 0x000001ac5c0352d0 Exception <a 'sun/nio/fs/WindowsException'{0x00000000d647f4f8}> (0x00000000d647f4f8) 
thrown [s\src\hotspot\share\prims\jni.cpp, line 520]
Event: 6.324 Thread 0x000001ac5c0352d0 Exception <a 'sun/nio/fs/WindowsException'{0x00000000d647fb88}> (0x00000000d647fb88) 
thrown [s\src\hotspot\share\prims\jni.cpp, line 520]
Event: 6.324 Thread 0x000001ac5c0352d0 Exception <a 'sun/nio/fs/WindowsException'{0x00000000d6480218}> (0x00000000d6480218) 
thrown [s\src\hotspot\share\prims\jni.cpp, line 520]
Event: 6.324 Thread 0x000001ac5c0352d0 Exception <a 'sun/nio/fs/WindowsException'{0x00000000d64808c8}> (0x00000000d64808c8) 
thrown [s\src\hotspot\share\prims\jni.cpp, line 520]
Event: 6.442 Thread 0x000001ac5c0352d0 Exception <a 'sun/nio/fs/WindowsException'{0x00000000d604dfe8}> (0x00000000d604dfe8) 
thrown [s\src\hotspot\share\prims\jni.cpp, line 520]
Event: 6.443 Thread 0x000001ac5c0352d0 Exception <a 'sun/nio/fs/WindowsException'{0x00000000d604e688}> (0x00000000d604e688) 
thrown [s\src\hotspot\share\prims\jni.cpp, line 520]
Event: 6.449 Thread 0x000001ac5c0352d0 Exception <a 'sun/nio/fs/WindowsException'{0x00000000d60709b0}> (0x00000000d60709b0) 
thrown [s\src\hotspot\share\prims\jni.cpp, line 520]
Event: 6.456 Thread 0x000001ac5c0352d0 Exception <a 'sun/nio/fs/WindowsException'{0x00000000d60d6c20}> (0x00000000d60d6c20) 
thrown [s\src\hotspot\share\prims\jni.cpp, line 520]
Event: 6.496 Thread 0x000001ac5c0352d0 Exception <a 'sun/nio/fs/WindowsException'{0x00000000d634caf0}> (0x00000000d634caf0) 
thrown [s\src\hotspot\share\prims\jni.cpp, line 520]
Event: 9.101 Thread 0x000001ac5c0352d0 Exception <a 'sun/nio/fs/WindowsException'{0x00000000d57962b8}> (0x00000000d57962b8) 
thrown [s\src\hotspot\share\prims\jni.cpp, line 520]
Event: 9.118 Thread 0x000001ac5dee2ac0 Exception <a 'java/lang/IncompatibleClassChangeError'{0x00000000d58400a8}: Found class java.lang.Object, but interface was expected> (0x00000000d58400a8) 
thrown [s\src\hotspot\share\interpreter\linkResolver.cpp, line 840]
Event: 9.125 Thread 0x000001ac5c0380c0 Exception <a 'sun/nio/fs/WindowsException'{0x00000000d58de058}> (0x00000000d58de058) 
thrown [s\src\hotspot\share\prims\jni.cpp, line 520]
Event: 9.126 Thread 0x000001ac5c0380c0 Exception <a 'sun/nio/fs/WindowsException'{0x00000000d59055d8}> (0x00000000d59055d8) 
thrown [s\src\hotspot\share\prims\jni.cpp, line 520]
Event: 9.134 Thread 0x000001ac5c0380c0 Exception <a 'java/io/FileNotFoundException'{0x00000000d598d2c8}> (0x00000000d598d2c8) 
thrown [s\src\hotspot\share\prims\jni.cpp, line 520]
Event: 9.134 Thread 0x000001ac5c0380c0 Exception <a 'java/io/FileNotFoundException'{0x00000000d59c5968}> (0x00000000d59c5968) 
thrown [s\src\hotspot\share\prims\jni.cpp, line 520]
Event: 9.134 Thread 0x000001ac5c0380c0 Exception <a 'java/io/FileNotFoundException'{0x00000000d59c66c0}> (0x00000000d59c66c0) 
thrown [s\src\hotspot\share\prims\jni.cpp, line 520]
Event: 9.212 Thread 0x000001ac5dee37e0 Implicit null exception at 0x000001ac07db5583 to 0x000001ac07db5804
Event: 9.212 Thread 0x000001ac5dee37e0 Exception <a 'java/lang/NoSuchMethodError'{0x00000000d60ac5d8}: 'java.lang.Object java.lang.invoke.DelegatingMethodHandle$Holder.reinvoke_L(java.lang.Object, int, long, java.lang.Object, java.lang.Object, int, java.lang.Object)'> (0x00000000d60ac5d8) 
thrown [s\src\hotspot\share\interpreter\linkResolver.cpp, line 773]
Event: 9.426 Thread 0x000001ac5c035960 Exception <a 'sun/nio/fs/WindowsException'{0x00000000d5803178}> (0x00000000d5803178) 
thrown [s\src\hotspot\share\prims\jni.cpp, line 520]
Event: 9.426 Thread 0x000001ac5c035960 Exception <a 'sun/nio/fs/WindowsException'{0x00000000d5803818}> (0x00000000d5803818) 
thrown [s\src\hotspot\share\prims\jni.cpp, line 520]

ZGC Phase Switch (0 events):
No events

VM Operations (20 events):
Event: 9.158 Executing VM operation: Cleanup
Event: 9.158 Executing VM operation: Cleanup done
Event: 9.160 Executing VM operation: HandshakeAllThreads (Deoptimize)
Event: 9.162 Executing VM operation: HandshakeAllThreads (Deoptimize) done
Event: 9.178 Executing VM operation: HandshakeAllThreads (Deoptimize)
Event: 9.178 Executing VM operation: HandshakeAllThreads (Deoptimize) done
Event: 9.194 Executing VM operation: HandshakeAllThreads (Deoptimize)
Event: 9.196 Executing VM operation: HandshakeAllThreads (Deoptimize) done
Event: 9.199 Executing VM operation: HandshakeAllThreads (Deoptimize)
Event: 9.199 Executing VM operation: HandshakeAllThreads (Deoptimize) done
Event: 9.433 Executing VM operation: HandshakeAllThreads (Deoptimize)
Event: 9.433 Executing VM operation: HandshakeAllThreads (Deoptimize) done
Event: 9.439 Executing VM operation: HandshakeAllThreads (Deoptimize)
Event: 9.439 Executing VM operation: HandshakeAllThreads (Deoptimize) done
Event: 9.486 Executing VM operation: HandshakeAllThreads (Deoptimize)
Event: 9.486 Executing VM operation: HandshakeAllThreads (Deoptimize) done
Event: 9.546 Executing VM operation: ParallelGCFailedAllocation (Allocation Failure)
Event: 9.550 Executing VM operation: ParallelGCFailedAllocation (Allocation Failure) done
Event: 9.608 Executing VM operation: ParallelGCFailedAllocation (Allocation Failure)
Event: 9.610 Executing VM operation: ParallelGCFailedAllocation (Allocation Failure) done

Memory protections (0 events):
No events

Nmethod flushes (20 events):
Event: 4.567 Thread 0x000001ac7c8eeb90 flushing  nmethod 0x000001ac00632890
Event: 4.567 Thread 0x000001ac7c8eeb90 flushing  nmethod 0x000001ac00633d10
Event: 4.567 Thread 0x000001ac7c8eeb90 flushing  nmethod 0x000001ac00634610
Event: 4.567 Thread 0x000001ac7c8eeb90 flushing  nmethod 0x000001ac00636b10
Event: 4.567 Thread 0x000001ac7c8eeb90 flushing  nmethod 0x000001ac00637290
Event: 4.567 Thread 0x000001ac7c8eeb90 flushing  nmethod 0x000001ac00638810
Event: 4.567 Thread 0x000001ac7c8eeb90 flushing  nmethod 0x000001ac00639510
Event: 4.567 Thread 0x000001ac7c8eeb90 flushing  nmethod 0x000001ac0063aa10
Event: 4.567 Thread 0x000001ac7c8eeb90 flushing  nmethod 0x000001ac0063ae90
Event: 4.567 Thread 0x000001ac7c8eeb90 flushing  nmethod 0x000001ac00646590
Event: 4.567 Thread 0x000001ac7c8eeb90 flushing  nmethod 0x000001ac00646e10
Event: 4.567 Thread 0x000001ac7c8eeb90 flushing  nmethod 0x000001ac0067c610
Event: 4.567 Thread 0x000001ac7c8eeb90 flushing  nmethod 0x000001ac00684010
Event: 4.567 Thread 0x000001ac7c8eeb90 flushing  nmethod 0x000001ac00690d10
Event: 4.567 Thread 0x000001ac7c8eeb90 flushing  nmethod 0x000001ac00693390
Event: 4.567 Thread 0x000001ac7c8eeb90 flushing  nmethod 0x000001ac00706510
Event: 4.567 Thread 0x000001ac7c8eeb90 flushing  nmethod 0x000001ac00706990
Event: 4.567 Thread 0x000001ac7c8eeb90 flushing  nmethod 0x000001ac00720690
Event: 4.567 Thread 0x000001ac7c8eeb90 flushing  nmethod 0x000001ac00722490
Event: 4.567 Thread 0x000001ac7c8eeb90 flushing  nmethod 0x000001ac0073a790

Events (20 events):
Event: 4.747 Thread 0x000001ac5d07eae0 Thread added: 0x000001ac5d07fe90
Event: 4.748 Thread 0x000001ac5d07f800 Thread added: 0x000001ac5d07f170
Event: 4.750 Thread 0x000001ac5d07f170 Thread added: 0x000001ac5d0818d0
Event: 4.751 Thread 0x000001ac5d07fe90 Thread added: 0x000001ac5d082c80
Event: 6.705 Thread 0x000001ac5c1e55b0 Thread exited: 0x000001ac5c1e55b0
Event: 6.705 Thread 0x000001ac5c657b90 Thread exited: 0x000001ac5c657b90
Event: 7.285 Thread 0x000001ac55afb330 Thread added: 0x000001ac5c1e55b0
Event: 7.287 Thread 0x000001ac5c1e55b0 Thread added: 0x000001ac5c51fec0
Event: 7.681 Thread 0x000001ac5c1e55b0 Thread exited: 0x000001ac5c1e55b0
Event: 7.681 Thread 0x000001ac5c51fec0 Thread exited: 0x000001ac5c51fec0
Event: 8.144 Thread 0x000001ac55afb330 Thread added: 0x000001ac5c51fec0
Event: 8.151 Thread 0x000001ac5c0352d0 Thread added: 0x000001ac5d080bb0
Event: 8.151 Thread 0x000001ac5d080bb0 Thread exited: 0x000001ac5d080bb0
Event: 8.455 Thread 0x000001ac5c51fec0 Thread exited: 0x000001ac5c51fec0
Event: 9.092 Thread 0x000001ac5c0352d0 Thread added: 0x000001ac5d083310
Event: 9.130 Thread 0x000001ac55afb330 Thread added: 0x000001ac5c51fec0
Event: 9.151 Thread 0x000001ac5c0380c0 Thread added: 0x000001ac5d0825f0
Event: 9.414 Thread 0x000001ac5c51fec0 Thread exited: 0x000001ac5c51fec0
Event: 9.460 Thread 0x000001ac55afb330 Thread added: 0x000001ac5f590dc0
Event: 9.596 Thread 0x000001ac55afb330 Thread added: 0x000001ac5d322250


Dynamic libraries:
0x00007ff72c190000 - 0x00007ff72c19e000 	c:\Users\deana\.vscode\extensions\redhat.java-1.47.0-win32-x64\jre\21.0.8-win32-x86_64\bin\java.exe
0x00007ffe888c0000 - 0x00007ffe88b28000 	C:\Windows\SYSTEM32\ntdll.dll
0x00007ffe87b00000 - 0x00007ffe87bc9000 	C:\Windows\System32\KERNEL32.DLL
0x00007ffe85bc0000 - 0x00007ffe85fb2000 	C:\Windows\System32\KERNELBASE.dll
0x00007ffe860f0000 - 0x00007ffe8623b000 	C:\Windows\System32\ucrtbase.dll
0x00007ffe5f530000 - 0x00007ffe5f54e000 	c:\Users\deana\.vscode\extensions\redhat.java-1.47.0-win32-x64\jre\21.0.8-win32-x86_64\bin\VCRUNTIME140.dll
0x00007ffe69930000 - 0x00007ffe69948000 	c:\Users\deana\.vscode\extensions\redhat.java-1.47.0-win32-x64\jre\21.0.8-win32-x86_64\bin\jli.dll
0x00007ffe86fc0000 - 0x00007ffe87185000 	C:\Windows\System32\USER32.dll
0x00007ffe86240000 - 0x00007ffe86267000 	C:\Windows\System32\win32u.dll
0x00007ffe6b9c0000 - 0x00007ffe6bc53000 	C:\Windows\WinSxS\amd64_microsoft.windows.common-controls_6595b64144ccf1df_6.0.26100.6899_none_3e0efeeae32e88c1\COMCTL32.dll
0x00007ffe86690000 - 0x00007ffe866bb000 	C:\Windows\System32\GDI32.dll
0x00007ffe87250000 - 0x00007ffe872f9000 	C:\Windows\System32\msvcrt.dll
0x00007ffe85fc0000 - 0x00007ffe860ed000 	C:\Windows\System32\gdi32full.dll
0x00007ffe86310000 - 0x00007ffe863b3000 	C:\Windows\System32\msvcp_win.dll
0x00007ffe866c0000 - 0x00007ffe866ef000 	C:\Windows\System32\IMM32.DLL
0x00007ffe6d350000 - 0x00007ffe6d35c000 	c:\Users\deana\.vscode\extensions\redhat.java-1.47.0-win32-x64\jre\21.0.8-win32-x86_64\bin\vcruntime140_1.dll
0x00007ffe5e190000 - 0x00007ffe5e21d000 	c:\Users\deana\.vscode\extensions\redhat.java-1.47.0-win32-x64\jre\21.0.8-win32-x86_64\bin\msvcp140.dll
0x00007ffd827d0000 - 0x00007ffd83567000 	c:\Users\deana\.vscode\extensions\redhat.java-1.47.0-win32-x64\jre\21.0.8-win32-x86_64\bin\server\jvm.dll
0x00007ffe87680000 - 0x00007ffe87734000 	C:\Windows\System32\ADVAPI32.dll
0x00007ffe874d0000 - 0x00007ffe87576000 	C:\Windows\System32\sechost.dll
0x00007ffe877d0000 - 0x00007ffe878e8000 	C:\Windows\System32\RPCRT4.dll
0x00007ffe88060000 - 0x00007ffe880d4000 	C:\Windows\System32\WS2_32.dll
0x00007ffe83350000 - 0x00007ffe83385000 	C:\Windows\SYSTEM32\WINMM.dll
0x00007ffe858d0000 - 0x00007ffe8592e000 	C:\Windows\SYSTEM32\POWRPROF.dll
0x00007ffe6c2a0000 - 0x00007ffe6c2ab000 	C:\Windows\SYSTEM32\VERSION.dll
0x00007ffe858b0000 - 0x00007ffe858c4000 	C:\Windows\SYSTEM32\UMPDC.dll
0x00007ffe84820000 - 0x00007ffe8483b000 	C:\Windows\SYSTEM32\kernel.appcore.dll
0x00007ffe6d060000 - 0x00007ffe6d06a000 	c:\Users\deana\.vscode\extensions\redhat.java-1.47.0-win32-x64\jre\21.0.8-win32-x86_64\bin\jimage.dll
0x00007ffe83070000 - 0x00007ffe832b2000 	C:\Windows\SYSTEM32\DBGHELP.DLL
0x00007ffe880e0000 - 0x00007ffe8845b000 	C:\Windows\System32\combase.dll
0x00007ffe86700000 - 0x00007ffe867d7000 	C:\Windows\System32\OLEAUT32.dll
0x00007ffe832c0000 - 0x00007ffe832fc000 	C:\Windows\SYSTEM32\dbgcore.DLL
0x00007ffe86270000 - 0x00007ffe86308000 	C:\Windows\System32\bcryptPrimitives.dll
0x00007ffe81c50000 - 0x00007ffe81c5f000 	c:\Users\deana\.vscode\extensions\redhat.java-1.47.0-win32-x64\jre\21.0.8-win32-x86_64\bin\instrument.dll
0x00007ffe69f40000 - 0x00007ffe69f5f000 	c:\Users\deana\.vscode\extensions\redhat.java-1.47.0-win32-x64\jre\21.0.8-win32-x86_64\bin\java.dll
0x00007ffe86870000 - 0x00007ffe86fbd000 	C:\Windows\System32\SHELL32.dll
0x00007ffe85a50000 - 0x00007ffe85bbb000 	C:\Windows\System32\wintypes.dll
0x00007ffe83680000 - 0x00007ffe83edd000 	C:\Windows\SYSTEM32\windows.storage.dll
0x00007ffe87360000 - 0x00007ffe87452000 	C:\Windows\System32\SHCORE.dll
0x00007ffe87460000 - 0x00007ffe874c2000 	C:\Windows\System32\shlwapi.dll
0x00007ffe85970000 - 0x00007ffe85999000 	C:\Windows\SYSTEM32\profapi.dll
0x00007ffe5e170000 - 0x00007ffe5e188000 	c:\Users\deana\.vscode\extensions\redhat.java-1.47.0-win32-x64\jre\21.0.8-win32-x86_64\bin\zip.dll
0x00007ffe6c6c0000 - 0x00007ffe6c6d0000 	C:\Users\deana\.vscode\extensions\redhat.java-1.47.0-win32-x64\jre\21.0.8-win32-x86_64\bin\net.dll
0x00007ffe7e590000 - 0x00007ffe7e6af000 	C:\Windows\SYSTEM32\WINHTTP.dll
0x00007ffe84d90000 - 0x00007ffe84dfb000 	C:\Windows\system32\mswsock.dll
0x00007ffe5dd60000 - 0x00007ffe5dd76000 	C:\Users\deana\.vscode\extensions\redhat.java-1.47.0-win32-x64\jre\21.0.8-win32-x86_64\bin\nio.dll
0x00007ffe81d50000 - 0x00007ffe81d60000 	c:\Users\deana\.vscode\extensions\redhat.java-1.47.0-win32-x64\jre\21.0.8-win32-x86_64\bin\verify.dll
0x00007ffe51660000 - 0x00007ffe516a4000 	C:\Users\deana\AppData\Roaming\Code\User\globalStorage\redhat.java\1.47.0\config_win\org.eclipse.equinox.launcher\org.eclipse.equinox.launcher.win32.win32.x86_64_1.2.1400.v20250801-0854\eclipse_11916.dll
0x00007ffe885d0000 - 0x00007ffe88768000 	C:\Windows\System32\ole32.dll
0x00007ffe85040000 - 0x00007ffe8505b000 	C:\Windows\SYSTEM32\CRYPTSP.dll
0x00007ffe84780000 - 0x00007ffe847bb000 	C:\Windows\system32\rsaenh.dll
0x00007ffe84e30000 - 0x00007ffe84e5b000 	C:\Windows\SYSTEM32\USERENV.dll
0x00007ffe85940000 - 0x00007ffe85966000 	C:\Windows\SYSTEM32\bcrypt.dll
0x00007ffe85060000 - 0x00007ffe8506c000 	C:\Windows\SYSTEM32\CRYPTBASE.dll
0x00007ffe84370000 - 0x00007ffe843a4000 	C:\Windows\SYSTEM32\IPHLPAPI.DLL
0x00007ffe867e0000 - 0x00007ffe867ea000 	C:\Windows\System32\NSI.dll
0x00007ffe47780000 - 0x00007ffe477c9000 	C:\Users\deana\AppData\Local\Temp\jna-95457715\jna12344894954698875395.dll
0x00007ffe887c0000 - 0x00007ffe887c8000 	C:\Windows\System32\PSAPI.DLL
0x00007ffe7e950000 - 0x00007ffe7e96e000 	C:\Windows\SYSTEM32\dhcpcsvc6.DLL
0x00007ffe7e820000 - 0x00007ffe7e843000 	C:\Windows\SYSTEM32\dhcpcsvc.DLL
0x00007ffe81d90000 - 0x00007ffe81d9e000 	C:\Users\deana\.vscode\extensions\redhat.java-1.47.0-win32-x64\jre\21.0.8-win32-x86_64\bin\sunmscapi.dll
0x00007ffe86510000 - 0x00007ffe86687000 	C:\Windows\System32\CRYPT32.dll
0x00007ffe85260000 - 0x00007ffe85290000 	C:\Windows\SYSTEM32\ncrypt.dll
0x00007ffe85210000 - 0x00007ffe8524f000 	C:\Windows\SYSTEM32\NTASN1.dll
0x00007ffe843b0000 - 0x00007ffe844d6000 	C:\Windows\SYSTEM32\DNSAPI.dll
0x00007ffe7b750000 - 0x00007ffe7b75b000 	C:\Windows\System32\rasadhlp.dll
0x00007ffe7ee60000 - 0x00007ffe7eee6000 	C:\Windows\System32\fwpuclnt.dll
0x00007ffe81d80000 - 0x00007ffe81d89000 	C:\Users\deana\.vscode\extensions\redhat.java-1.47.0-win32-x64\jre\21.0.8-win32-x86_64\bin\extnet.dll

JVMTI agents:
c:\Users\deana\.vscode\extensions\redhat.java-1.47.0-win32-x64\lombok\lombok-1.18.39-4050.jar path:c:\Users\deana\.vscode\extensions\redhat.java-1.47.0-win32-x64\jre\21.0.8-win32-x86_64\bin\instrument.dll, loaded, initialized, instrumentlib options:none

dbghelp: loaded successfully - version: 4.0.5 - missing functions: none
symbol engine: initialized successfully - sym options: 0x614 - pdb path: .;c:\Users\deana\.vscode\extensions\redhat.java-1.47.0-win32-x64\jre\21.0.8-win32-x86_64\bin;C:\Windows\SYSTEM32;C:\Windows\WinSxS\amd64_microsoft.windows.common-controls_6595b64144ccf1df_6.0.26100.6899_none_3e0efeeae32e88c1;c:\Users\deana\.vscode\extensions\redhat.java-1.47.0-win32-x64\jre\21.0.8-win32-x86_64\bin\server;C:\Users\deana\AppData\Roaming\Code\User\globalStorage\redhat.java\1.47.0\config_win\org.eclipse.equinox.launcher\org.eclipse.equinox.launcher.win32.win32.x86_64_1.2.1400.v20250801-0854;C:\Users\deana\AppData\Local\Temp\jna-95457715

VM Arguments:
jvm_args: --add-modules=ALL-SYSTEM --add-opens=java.base/java.util=ALL-UNNAMED --add-opens=java.base/java.lang=ALL-UNNAMED --add-opens=java.base/sun.nio.fs=ALL-UNNAMED -Declipse.application=org.eclipse.jdt.ls.core.id1 -Dosgi.bundles.defaultStartLevel=4 -Declipse.product=org.eclipse.jdt.ls.core.product -Djava.import.generatesMetadataFilesAtProjectRoot=false -DDetectVMInstallationsJob.disabled=true -Dfile.encoding=utf8 -XX:+UseParallelGC -XX:GCTimeRatio=4 -XX:AdaptiveSizePolicyWeight=90 -Dsun.zip.disableMemoryMapping=true -Xmx2G -Xms100m -Xlog:disable -javaagent:c:\Users\deana\.vscode\extensions\redhat.java-1.47.0-win32-x64\lombok\lombok-1.18.39-4050.jar -XX:+HeapDumpOnOutOfMemoryError -XX:HeapDumpPath=c:\Users\deana\AppData\Roaming\Code\User\workspaceStorage\17b384ba72b626b6a9297c97e2fdff76\redhat.java -Daether.dependencyCollector.impl=bf 
java_command: c:\Users\deana\.vscode\extensions\redhat.java-1.47.0-win32-x64\server\plugins\org.eclipse.equinox.launcher_1.7.100.v20251014-1222.jar -configuration c:\Users\deana\AppData\Roaming\Code\User\globalStorage\redhat.java\1.47.0\config_win -data c:\Users\deana\AppData\Roaming\Code\User\workspaceStorage\17b384ba72b626b6a9297c97e2fdff76\redhat.java\jdt_ws --pipe=\\.\pipe\lsp-06b95a17ae8273e91eac8aaef1a6f2dd-sock
java_class_path (initial): c:\Users\deana\.vscode\extensions\redhat.java-1.47.0-win32-x64\server\plugins\org.eclipse.equinox.launcher_1.7.100.v20251014-1222.jar
Launcher Type: SUN_STANDARD

[Global flags]
    uintx AdaptiveSizePolicyWeight                 = 90                                        {product} {command line}
     intx CICompilerCount                          = 4                                         {product} {ergonomic}
    uintx GCTimeRatio                              = 4                                         {product} {command line}
     bool HeapDumpOnOutOfMemoryError               = true                                   {manageable} {command line}
    ccstr HeapDumpPath                             = c:\Users\deana\AppData\Roaming\Code\User\workspaceStorage\17b384ba72b626b6a9297c97e2fdff76\redhat.java         {manageable} {command line}
   size_t InitialHeapSize                          = 104857600                                 {product} {command line}
   size_t MaxHeapSize                              = 2147483648                                {product} {command line}
   size_t MaxNewSize                               = 715653120                                 {product} {ergonomic}
   size_t MinHeapDeltaBytes                        = 524288                                    {product} {ergonomic}
   size_t MinHeapSize                              = 104857600                                 {product} {command line}
   size_t NewSize                                  = 34603008                                  {product} {ergonomic}
    uintx NonNMethodCodeHeapSize                   = 5839372                                {pd product} {ergonomic}
    uintx NonProfiledCodeHeapSize                  = 122909434                              {pd product} {ergonomic}
   size_t OldSize                                  = 70254592                                  {product} {ergonomic}
    uintx ProfiledCodeHeapSize                     = 122909434                              {pd product} {ergonomic}
    uintx ReservedCodeCacheSize                    = 251658240                              {pd product} {ergonomic}
     bool SegmentedCodeCache                       = true                                      {product} {ergonomic}
   size_t SoftMaxHeapSize                          = 2147483648                             {manageable} {ergonomic}
     bool UseCompressedOops                        = true                           {product lp64_product} {ergonomic}
     bool UseLargePagesIndividualAllocation        = false                                  {pd product} {ergonomic}
     bool UseParallelGC                            = true                                      {product} {command line}

Logging:
Log output configuration:
 #0: stdout all=off uptime,level,tags foldmultilines=false
 #1: stderr all=off uptime,level,tags foldmultilines=false

Environment Variables:
JAVA_HOME=C:\Program Files\Java\jdk-21.0.6.7-hotspot
PATH=C:\Windows\system32;C:\Windows;C:\Windows\System32\Wbem;C:\Windows\System32\WindowsPowerShell\v1.0\;C:\Windows\System32\OpenSSH\;C:\Program Files\dotnet\;C:\Regina;C:\Program Files (x86)\Microsoft SQL Server\160\Tools\Binn\;C:\Program Files\Microsoft SQL Server\160\Tools\Binn\;C:\Program Files\Microsoft SQL Server\Client SDK\ODBC\170\Tools\Binn\;C:\Program Files\Microsoft SQL Server\160\DTS\Binn\;C:\Program Files (x86)\Microsoft SQL Server\160\DTS\Binn\;C:\Program Files\Microsoft VS Code\bin;C:\Program Files\nodejs\;C:\ProgramData\chocolatey\bin;C:\Program Files\Amazon\AWSCLIV2\;C:\Program Files\Git\cmd;C:\Program Files\Kubernetes\Minikube;C:\Program Files\Amazon\SessionManagerPlugin\bin\;C:\Users\deana\AppData\Local\Microsoft\WindowsApps;C:\Regina;C:\Program Files\TextPad 7;c:\Program Files\7-Zip;c:\Program Files\WildEdit;C:\Program Files\Java\jdk-24\bin;C:\Users\deana\AppData\Local\GitHubDesktop\bin;C:\Users\deana\AppData\Roaming\npm;C:\Program Files\JetBrains\PyCharm 2025.1.3.1\bin;C:\Users\deana\.dotnet\tools;C:\Program Files\PostgreSQL\17\bin;
USERNAME=deana
OS=Windows_NT
PROCESSOR_IDENTIFIER=Intel64 Family 6 Model 186 Stepping 3, GenuineIntel
TMP=C:\Users\deana\AppData\Local\Temp
TEMP=C:\Users\deana\AppData\Local\Temp




Periodic native trim disabled

---------------  S Y S T E M  ---------------

OS:
 Windows 11 , 64 bit Build 26100 (10.0.26100.6725)
OS uptime: 8 days 19:03 hours
Hyper-V role detected

CPU: total 12 (initial active 12) (6 cores per cpu, 2 threads per core) family 6 model 186 stepping 3 microcode 0x4128, cx8, cmov, fxsr, ht, mmx, 3dnowpref, sse, sse2, sse3, ssse3, sse4.1, sse4.2, popcnt, lzcnt, tsc, tscinvbit, avx, avx2, aes, erms, clmul, bmi1, bmi2, adx, sha, fma, vzeroupper, clflush, clflushopt, clwb, hv, serialize, rdtscp, rdpid, fsrm, f16c, cet_ibt, cet_ss
Processor Information for the first 12 processors :
  Max Mhz: 1700, Current Mhz: 1700, Mhz Limit: 1700

Memory: 4k page, system-wide physical 16068M (2290M free)
TotalPageFile size 65220M (AvailPageFile size 0M)
current process WorkingSet (physical memory assigned to process): 260M, peak: 260M
current process commit charge ("private bytes"): 364M, peak: 370M

vm_info: OpenJDK 64-Bit Server VM (21.0.8+9-LTS) for windows-amd64 JRE (21.0.8+9-LTS), built on 2025-07-15T00:00:00Z by "admin" with MS VC++ 17.7 (VS2022)

END.
