#
# There is insufficient memory for the Java Runtime Environment to continue.
# Native memory allocation (malloc) failed to allocate 1006736 bytes. Error detail: Chunk::new
# Possible reasons:
#   The system is out of physical RAM or swap space
#   This process is running with CompressedOops enabled, and the Java Heap may be blocking the growth of the native heap
# Possible solutions:
#   Reduce memory load on the system
#   Increase physical memory or swap space
#   Check if swap backing store is full
#   Decrease Java heap size (-Xmx/-Xms)
#   Decrease number of Java threads
#   Decrease Java thread stack sizes (-Xss)
#   Set larger code cache with -XX:ReservedCodeCacheSize=
#   JVM is running with Unscaled Compressed Oops mode in which the Java heap is
#     placed in the first 4GB address space. The Java Heap base address is the
#     maximum limit for the native heap growth. Please use -XX:HeapBaseMinAddress
#     to set the Java Heap base and to place the Java Heap above 4GB virtual address.
# This output file may be truncated or incomplete.
#
#  Out of Memory Error (arena.cpp:168), pid=30708, tid=42692
#
# JRE version: OpenJDK Runtime Environment Temurin-21.0.8+9 (21.0.8+9) (build 21.0.8+9-LTS)
# Java VM: OpenJDK 64-Bit Server VM Temurin-21.0.8+9 (21.0.8+9-LTS, mixed mode, sharing, tiered, compressed oops, compressed class ptrs, parallel gc, windows-amd64)
# No core dump will be written. Minidumps are not enabled by default on client versions of Windows
#

---------------  S U M M A R Y ------------

Command Line: --add-modules=ALL-SYSTEM --add-opens=java.base/java.util=ALL-UNNAMED --add-opens=java.base/java.lang=ALL-UNNAMED --add-opens=java.base/sun.nio.fs=ALL-UNNAMED -Declipse.application=org.eclipse.jdt.ls.core.id1 -Dosgi.bundles.defaultStartLevel=4 -Declipse.product=org.eclipse.jdt.ls.core.product -Djava.import.generatesMetadataFilesAtProjectRoot=false -DDetectVMInstallationsJob.disabled=true -Dfile.encoding=utf8 -XX:+UseParallelGC -XX:GCTimeRatio=4 -XX:AdaptiveSizePolicyWeight=90 -Dsun.zip.disableMemoryMapping=true -Xmx2G -Xms100m -Xlog:disable -javaagent:c:\Users\deana\.vscode\extensions\redhat.java-1.47.0-win32-x64\lombok\lombok-1.18.39-4050.jar -XX:+HeapDumpOnOutOfMemoryError -XX:HeapDumpPath=c:\Users\deana\AppData\Roaming\Code\User\workspaceStorage\17b384ba72b626b6a9297c97e2fdff76\redhat.java -Daether.dependencyCollector.impl=bf c:\Users\deana\.vscode\extensions\redhat.java-1.47.0-win32-x64\server\plugins\org.eclipse.equinox.launcher_1.7.100.v20251014-1222.jar -configuration c:\Users\deana\AppData\Roaming\Code\User\globalStorage\redhat.java\1.47.0\config_win -data c:\Users\deana\AppData\Roaming\Code\User\workspaceStorage\17b384ba72b626b6a9297c97e2fdff76\redhat.java\jdt_ws --pipe=\\.\pipe\lsp-975f7a3482a400743a068469a155ef78-sock

Host: 13th Gen Intel(R) Core(TM) i7-1355U, 12 cores, 15G,  Windows 11 , 64 bit Build 26100 (10.0.26100.6725)
Time: Fri Oct 31 10:32:09 2025 Eastern Daylight Time elapsed time: 34.521506 seconds (0d 0h 0m 34s)

---------------  T H R E A D  ---------------

Current thread (0x000001efd77e1430):  JavaThread "C2 CompilerThread1" daemon [_thread_in_native, id=42692, stack(0x000000edcb300000,0x000000edcb400000) (1024K)]


Current CompileTask:
C2:34521 11318 % !   4       org.eclipse.jdt.internal.core.JarPackageFragmentRoot::computeChildren @ 246 (605 bytes)

Stack: [0x000000edcb300000,0x000000edcb400000]
Native frames: (J=compiled Java code, j=interpreted, Vv=VM code, C=native code)
V  [jvm.dll+0x6d2449]
V  [jvm.dll+0x8ae341]
V  [jvm.dll+0x8b08be]
V  [jvm.dll+0x8b0fa3]
V  [jvm.dll+0x280c96]
V  [jvm.dll+0xc581d]
V  [jvm.dll+0xc5d53]
V  [jvm.dll+0x2f539d]
V  [jvm.dll+0x5fa00a]
V  [jvm.dll+0x252092]
V  [jvm.dll+0x25244f]
V  [jvm.dll+0x24ad14]
V  [jvm.dll+0x2483a4]
V  [jvm.dll+0x1c89ee]
V  [jvm.dll+0x257d4d]
V  [jvm.dll+0x2562ea]
V  [jvm.dll+0x3f2d16]
V  [jvm.dll+0x857e6b]
V  [jvm.dll+0x6d0b0d]
C  [ucrtbase.dll+0x37b0]
C  [KERNEL32.DLL+0x2e8d7]
C  [ntdll.dll+0x8c53c]


---------------  P R O C E S S  ---------------

Threads class SMR info:
_java_thread_list=0x000001efe1ac8fa0, length=56, elements={
0x000001eff4bad2f0, 0x000001eff4c4f3f0, 0x000001eff4c51360, 0x000001eff4c5d0d0,
0x000001eff4c5d760, 0x000001eff4c60550, 0x000001eff4c5ddf0, 0x000001eff4c66850,
0x000001eff4c6af60, 0x000001eff4c5e480, 0x000001eff4c5f830, 0x000001eff4c5eb10,
0x000001eff4c5fec0, 0x000001efd414b0f0, 0x000001efd414cb30, 0x000001efd414c4a0,
0x000001efd414d1c0, 0x000001efd414d850, 0x000001efd414be10, 0x000001efd414dee0,
0x000001efd414aa60, 0x000001efd414f920, 0x000001efd414ec00, 0x000001efd4150cd0,
0x000001efd41519f0, 0x000001efd414ffb0, 0x000001efd414f290, 0x000001efd4150640,
0x000001efd4151360, 0x000001efd414e570, 0x000001efd4152080, 0x000001effed77380,
0x000001effed76660, 0x000001effed76cf0, 0x000001effed75940, 0x000001effed75fd0,
0x000001effed77a10, 0x000001effed780a0, 0x000001effed78730, 0x000001effed7a800,
0x000001effed79ae0, 0x000001effed7ae90, 0x000001effed7a170, 0x000001effed7bbb0,
0x000001effed7b520, 0x000001effed7c240, 0x000001effed78dc0, 0x000001effed79450,
0x000001effed7c8d0, 0x000001efd5af2100, 0x000001efd5aef9a0, 0x000001efd5af1a70,
0x000001efd77e1430, 0x000001efd66c6a00, 0x000001efd5af4ef0, 0x000001efd5af5580
}

Java Threads: ( => current thread )
  0x000001eff4bad2f0 JavaThread "main"                              [_thread_blocked, id=39732, stack(0x000000edc7000000,0x000000edc7100000) (1024K)]
  0x000001eff4c4f3f0 JavaThread "Reference Handler"          daemon [_thread_blocked, id=57984, stack(0x000000edc7400000,0x000000edc7500000) (1024K)]
  0x000001eff4c51360 JavaThread "Finalizer"                  daemon [_thread_blocked, id=42784, stack(0x000000edc7500000,0x000000edc7600000) (1024K)]
  0x000001eff4c5d0d0 JavaThread "Signal Dispatcher"          daemon [_thread_blocked, id=29400, stack(0x000000edc7600000,0x000000edc7700000) (1024K)]
  0x000001eff4c5d760 JavaThread "Attach Listener"            daemon [_thread_blocked, id=59540, stack(0x000000edc7700000,0x000000edc7800000) (1024K)]
  0x000001eff4c60550 JavaThread "Service Thread"             daemon [_thread_blocked, id=53552, stack(0x000000edc7800000,0x000000edc7900000) (1024K)]
  0x000001eff4c5ddf0 JavaThread "Monitor Deflation Thread"   daemon [_thread_blocked, id=24288, stack(0x000000edc7900000,0x000000edc7a00000) (1024K)]
  0x000001eff4c66850 JavaThread "C2 CompilerThread0"         daemon [_thread_in_vm, id=44548, stack(0x000000edc7a00000,0x000000edc7b00000) (1024K)]
  0x000001eff4c6af60 JavaThread "C1 CompilerThread0"         daemon [_thread_in_vm, id=25828, stack(0x000000edc7b00000,0x000000edc7c00000) (1024K)]
  0x000001eff4c5e480 JavaThread "Common-Cleaner"             daemon [_thread_blocked, id=56452, stack(0x000000edc7c00000,0x000000edc7d00000) (1024K)]
  0x000001eff4c5f830 JavaThread "Notification Thread"        daemon [_thread_blocked, id=45692, stack(0x000000edc7e00000,0x000000edc7f00000) (1024K)]
  0x000001eff4c5eb10 JavaThread "Active Thread: Equinox Container: d9d7e617-cb0e-4cc5-8203-ea51cd1cad33"        [_thread_in_native, id=54544, stack(0x000000edc8600000,0x000000edc8700000) (1024K)]
  0x000001eff4c5fec0 JavaThread "Refresh Thread: Equinox Container: d9d7e617-cb0e-4cc5-8203-ea51cd1cad33" daemon [_thread_blocked, id=52128, stack(0x000000edc8700000,0x000000edc8800000) (1024K)]
  0x000001efd414b0f0 JavaThread "Framework Event Dispatcher: Equinox Container: d9d7e617-cb0e-4cc5-8203-ea51cd1cad33" daemon [_thread_blocked, id=73104, stack(0x000000edc7d00000,0x000000edc7e00000) (1024K)]
  0x000001efd414cb30 JavaThread "Start Level: Equinox Container: d9d7e617-cb0e-4cc5-8203-ea51cd1cad33" daemon [_thread_blocked, id=4376, stack(0x000000edc7f00000,0x000000edc8000000) (1024K)]
  0x000001efd414c4a0 JavaThread "Bundle File Closer"         daemon [_thread_blocked, id=56060, stack(0x000000edc8b00000,0x000000edc8c00000) (1024K)]
  0x000001efd414d1c0 JavaThread "SCR Component Actor"        daemon [_thread_blocked, id=41936, stack(0x000000edc8c00000,0x000000edc8d00000) (1024K)]
  0x000001efd414d850 JavaThread "Worker-JM"                         [_thread_blocked, id=4820, stack(0x000000edc8e00000,0x000000edc8f00000) (1024K)]
  0x000001efd414be10 JavaThread "JNA Cleaner"                daemon [_thread_blocked, id=59116, stack(0x000000edc8d00000,0x000000edc8e00000) (1024K)]
  0x000001efd414dee0 JavaThread "Worker-0"                          [_thread_blocked, id=48900, stack(0x000000edc8f00000,0x000000edc9000000) (1024K)]
  0x000001efd414aa60 JavaThread "Worker-1: Publish Diagnostics"        [_thread_in_vm, id=33452, stack(0x000000edc9000000,0x000000edc9100000) (1024K)]
  0x000001efd414f920 JavaThread "Worker-2"                          [_thread_blocked, id=19788, stack(0x000000edc9100000,0x000000edc9200000) (1024K)]
  0x000001efd414ec00 JavaThread "Java indexing"              daemon [_thread_blocked, id=44636, stack(0x000000edc9400000,0x000000edc9500000) (1024K)]
  0x000001efd4150cd0 JavaThread "Worker-3"                          [_thread_blocked, id=21192, stack(0x000000edc9700000,0x000000edc9800000) (1024K)]
  0x000001efd41519f0 JavaThread "Worker-4: Check JDK Index"         [_thread_blocked, id=73616, stack(0x000000edc9800000,0x000000edc9900000) (1024K)]
  0x000001efd414ffb0 JavaThread "Thread-1"                   daemon [_thread_in_native, id=55256, stack(0x000000edc9900000,0x000000edc9a00000) (1024K)]
  0x000001efd414f290 JavaThread "Thread-2"                   daemon [_thread_in_native, id=44416, stack(0x000000edc9a00000,0x000000edc9b00000) (1024K)]
  0x000001efd4150640 JavaThread "Thread-3"                   daemon [_thread_in_native, id=40532, stack(0x000000edc9b00000,0x000000edc9c00000) (1024K)]
  0x000001efd4151360 JavaThread "Thread-4"                   daemon [_thread_in_native, id=41044, stack(0x000000edc9c00000,0x000000edc9d00000) (1024K)]
  0x000001efd414e570 JavaThread "Thread-5"                   daemon [_thread_in_native, id=19264, stack(0x000000edc9d00000,0x000000edc9e00000) (1024K)]
  0x000001efd4152080 JavaThread "Thread-6"                   daemon [_thread_in_native, id=11408, stack(0x000000edc9e00000,0x000000edc9f00000) (1024K)]
  0x000001effed77380 JavaThread "Thread-7"                   daemon [_thread_in_native, id=12048, stack(0x000000edc9f00000,0x000000edca000000) (1024K)]
  0x000001effed76660 JavaThread "Thread-8"                   daemon [_thread_in_native, id=22640, stack(0x000000edca000000,0x000000edca100000) (1024K)]
  0x000001effed76cf0 JavaThread "Thread-9"                   daemon [_thread_in_native, id=61252, stack(0x000000edca100000,0x000000edca200000) (1024K)]
  0x000001effed75940 JavaThread "Thread-10"                  daemon [_thread_in_native, id=10512, stack(0x000000edca200000,0x000000edca300000) (1024K)]
  0x000001effed75fd0 JavaThread "Thread-11"                  daemon [_thread_in_native, id=34332, stack(0x000000edca300000,0x000000edca400000) (1024K)]
  0x000001effed77a10 JavaThread "Thread-12"                  daemon [_thread_in_native, id=77860, stack(0x000000edca400000,0x000000edca500000) (1024K)]
  0x000001effed780a0 JavaThread "Thread-13"                  daemon [_thread_in_native, id=36944, stack(0x000000edca500000,0x000000edca600000) (1024K)]
  0x000001effed78730 JavaThread "pool-2-thread-1"                   [_thread_blocked, id=70104, stack(0x000000edca600000,0x000000edca700000) (1024K)]
  0x000001effed7a800 JavaThread "WorkspaceEventsHandler"            [_thread_blocked, id=48308, stack(0x000000edca700000,0x000000edca800000) (1024K)]
  0x000001effed79ae0 JavaThread "pool-1-thread-1"                   [_thread_blocked, id=61920, stack(0x000000edca800000,0x000000edca900000) (1024K)]
  0x000001effed7ae90 JavaThread "ForkJoinPool.commonPool-worker-1" daemon [_thread_blocked, id=43828, stack(0x000000edc9200000,0x000000edc9300000) (1024K)]
  0x000001effed7a170 JavaThread "ForkJoinPool.commonPool-worker-2" daemon [_thread_blocked, id=48576, stack(0x000000edc9300000,0x000000edc9400000) (1024K)]
  0x000001effed7bbb0 JavaThread "ForkJoinPool.commonPool-worker-3" daemon [_thread_blocked, id=78340, stack(0x000000edca900000,0x000000edcaa00000) (1024K)]
  0x000001effed7b520 JavaThread "ForkJoinPool.commonPool-worker-4" daemon [_thread_blocked, id=73492, stack(0x000000edcaa00000,0x000000edcab00000) (1024K)]
  0x000001effed7c240 JavaThread "ForkJoinPool.commonPool-worker-5" daemon [_thread_in_Java, id=59896, stack(0x000000edcab00000,0x000000edcac00000) (1024K)]
  0x000001effed78dc0 JavaThread "ForkJoinPool.commonPool-worker-6" daemon [_thread_in_native, id=33256, stack(0x000000edcac00000,0x000000edcad00000) (1024K)]
  0x000001effed79450 JavaThread "ForkJoinPool.commonPool-worker-7" daemon [_thread_blocked, id=41876, stack(0x000000edcad00000,0x000000edcae00000) (1024K)]
  0x000001effed7c8d0 JavaThread "ForkJoinPool.commonPool-worker-8" daemon [_thread_blocked, id=48668, stack(0x000000edcae00000,0x000000edcaf00000) (1024K)]
  0x000001efd5af2100 JavaThread "ForkJoinPool.commonPool-worker-9" daemon [_thread_blocked, id=68820, stack(0x000000edcaf00000,0x000000edcb000000) (1024K)]
  0x000001efd5aef9a0 JavaThread "ForkJoinPool.commonPool-worker-10" daemon [_thread_blocked, id=5348, stack(0x000000edcb000000,0x000000edcb100000) (1024K)]
  0x000001efd5af1a70 JavaThread "ForkJoinPool.commonPool-worker-11" daemon [_thread_blocked, id=74804, stack(0x000000edcb100000,0x000000edcb200000) (1024K)]
=>0x000001efd77e1430 JavaThread "C2 CompilerThread1"         daemon [_thread_in_native, id=42692, stack(0x000000edcb300000,0x000000edcb400000) (1024K)]
  0x000001efd66c6a00 JavaThread "C2 CompilerThread2"         daemon [_thread_in_native, id=17360, stack(0x000000edcba00000,0x000000edcbb00000) (1024K)]
  0x000001efd5af4ef0 JavaThread "Worker-5: Update project taskactivity"        [_thread_blocked, id=36908, stack(0x000000edcbb00000,0x000000edcbc00000) (1024K)]
  0x000001efd5af5580 JavaThread "Worker-6"                          [_thread_blocked, id=14212, stack(0x000000edcbc00000,0x000000edcbd00000) (1024K)]
Total: 56

Other Threads:
  0x000001eff4c4e890 VMThread "VM Thread"                           [id=20820, stack(0x000000edc7300000,0x000000edc7400000) (1024K)]
  0x000001eff4a3ca00 WatcherThread "VM Periodic Task Thread"        [id=79276, stack(0x000000edc7200000,0x000000edc7300000) (1024K)]
  0x000001eff4bcba50 WorkerThread "GC Thread#0"                     [id=46792, stack(0x000000edc7100000,0x000000edc7200000) (1024K)]
  0x000001effe9c0390 WorkerThread "GC Thread#1"                     [id=73284, stack(0x000000edc8000000,0x000000edc8100000) (1024K)]
  0x000001effec48360 WorkerThread "GC Thread#2"                     [id=33344, stack(0x000000edc8100000,0x000000edc8200000) (1024K)]
  0x000001effec48700 WorkerThread "GC Thread#3"                     [id=29388, stack(0x000000edc8200000,0x000000edc8300000) (1024K)]
  0x000001effec5eb70 WorkerThread "GC Thread#4"                     [id=77680, stack(0x000000edc8300000,0x000000edc8400000) (1024K)]
  0x000001effec5ef10 WorkerThread "GC Thread#5"                     [id=66436, stack(0x000000edc8400000,0x000000edc8500000) (1024K)]
  0x000001effec5f6c0 WorkerThread "GC Thread#6"                     [id=68868, stack(0x000000edc8500000,0x000000edc8600000) (1024K)]
  0x000001effef06520 WorkerThread "GC Thread#7"                     [id=52484, stack(0x000000edc8800000,0x000000edc8900000) (1024K)]
  0x000001efd41705d0 WorkerThread "GC Thread#8"                     [id=39080, stack(0x000000edc8900000,0x000000edc8a00000) (1024K)]
  0x000001efd4170970 WorkerThread "GC Thread#9"                     [id=59284, stack(0x000000edc8a00000,0x000000edc8b00000) (1024K)]
Total: 12

Threads with active compile tasks:
C2 CompilerThread0  34544 11496       4       java.lang.invoke.VarHandle::checkAccessModeThenIsDirect (29 bytes)
C1 CompilerThread0  34545 11504       1       org.eclipse.osgi.internal.hookregistry.StorageHookFactory$StorageHook::getFactoryClass (5 bytes)
C2 CompilerThread1  34545 11318 % !   4       org.eclipse.jdt.internal.core.JarPackageFragmentRoot::computeChildren @ 246 (605 bytes)
C2 CompilerThread2  34545 11478       4       org.eclipse.core.runtime.Path::isPrefixOf (118 bytes)
Total: 4

VM state: not at safepoint (normal execution)

VM Mutex/Monitor currently owned by a thread: None

Heap address: 0x0000000080000000, size: 2048 MB, Compressed Oops mode: 32-bit

CDS archive(s) mapped at: [0x000001ef8f000000-0x000001ef8fba0000-0x000001ef8fba0000), size 12189696, SharedBaseAddress: 0x000001ef8f000000, ArchiveRelocationMode: 1.
Compressed class space mapped at: 0x000001ef90000000-0x000001efd0000000, reserved size: 1073741824
Narrow klass base: 0x000001ef8f000000, Narrow klass shift: 0, Narrow klass range: 0x100000000

GC Precious Log:
 CardTable entry size: 512
 CPUs: 12 total, 12 available
 Memory: 16068M
 Large Page Support: Disabled
 NUMA Support: Disabled
 Compressed Oops: Enabled (32-bit)
 Alignments: Space 512K, Generation 512K, Heap 2M
 Heap Min Capacity: 100M
 Heap Initial Capacity: 100M
 Heap Max Capacity: 2G
 Pre-touch: Disabled
 Parallel Workers: 10

Heap:
 PSYoungGen      total 20992K, used 14921K [0x00000000d5580000, 0x00000000d7000000, 0x0000000100000000)
  eden space 19968K, 70% used [0x00000000d5580000,0x00000000d6335c20,0x00000000d6900000)
  from space 1024K, 86% used [0x00000000d6f00000,0x00000000d6fdc810,0x00000000d7000000)
  to   space 1024K, 0% used [0x00000000d6e00000,0x00000000d6e00000,0x00000000d6f00000)
 ParOldGen       total 152064K, used 151964K [0x0000000080000000, 0x0000000089480000, 0x00000000d5580000)
  object space 152064K, 99% used [0x0000000080000000,0x00000000894671c8,0x0000000089480000)
 Metaspace       used 65628K, committed 67200K, reserved 1114112K
  class space    used 7080K, committed 7744K, reserved 1048576K

Card table byte_map: [0x000001eff4550000,0x000001eff4960000] _byte_map_base: 0x000001eff4150000

Marking Bits: (ParMarkBitMap*) 0x00007ffd8348a340
 Begin Bits: [0x000001eff8050000, 0x000001effa050000)
 End Bits:   [0x000001effa050000, 0x000001effc050000)

Polling page: 0x000001eff2750000

Metaspace:

Usage:
  Non-class:     57.18 MB used.
      Class:      6.91 MB used.
       Both:     64.09 MB used.

Virtual space:
  Non-class space:       64.00 MB reserved,      58.06 MB ( 91%) committed,  1 nodes.
      Class space:        1.00 GB reserved,       7.56 MB ( <1%) committed,  1 nodes.
             Both:        1.06 GB reserved,      65.62 MB (  6%) committed. 

Chunk freelists:
   Non-Class:  5.78 MB
       Class:  8.36 MB
        Both:  14.14 MB

MaxMetaspaceSize: unlimited
CompressedClassSpaceSize: 1.00 GB
Initial GC threshold: 21.00 MB
Current GC threshold: 97.31 MB
CDS: on
 - commit_granule_bytes: 65536.
 - commit_granule_words: 8192.
 - virtual_space_node_default_size: 8388608.
 - enlarge_chunks_in_place: 1.
 - use_allocation_guard: 0.


Internal statistics:

num_allocs_failed_limit: 9.
num_arena_births: 1218.
num_arena_deaths: 14.
num_vsnodes_births: 2.
num_vsnodes_deaths: 0.
num_space_committed: 1050.
num_space_uncommitted: 0.
num_chunks_returned_to_freelist: 23.
num_chunks_taken_from_freelist: 4220.
num_chunk_merges: 15.
num_chunk_splits: 2532.
num_chunks_enlarged: 1325.
num_inconsistent_stats: 0.

CodeHeap 'non-profiled nmethods': size=120000Kb used=7181Kb max_used=7181Kb free=112819Kb
 bounds [0x000001ef87ad0000, 0x000001ef881e0000, 0x000001ef8f000000]
CodeHeap 'profiled nmethods': size=120000Kb used=24303Kb max_used=24303Kb free=95696Kb
 bounds [0x000001ef80000000, 0x000001ef817c0000, 0x000001ef87530000]
CodeHeap 'non-nmethods': size=5760Kb used=1452Kb max_used=1521Kb free=4308Kb
 bounds [0x000001ef87530000, 0x000001ef877a0000, 0x000001ef87ad0000]
CodeCache: size=245760Kb, used=32936Kb, max_used=33005Kb, free=212823Kb
 total_blobs=11473, nmethods=10710, adapters=667, full_count=0
Compilation: enabled, stopped_count=0, restarted_count=0

Compilation events (20 events):
Event: 30.483 Thread 0x000001efd66c6a00 nmethod 11325 0x000001ef881c9a90 code [0x000001ef881c9f20, 0x000001ef881cdc58]
Event: 30.490 Thread 0x000001eff4c66850 11474       4       com.google.common.cache.LocalCache$WeakEntry::getKey (5 bytes)
Event: 30.491 Thread 0x000001eff4c66850 nmethod 11474 0x000001ef881d0110 code [0x000001ef881d02a0, 0x000001ef881d0330]
Event: 30.491 Thread 0x000001eff4c6af60 11475       3       org.eclipse.jdt.internal.core.Annotation::<init> (21 bytes)
Event: 30.492 Thread 0x000001eff4c6af60 nmethod 11475 0x000001ef817a1410 code [0x000001ef817a1620, 0x000001ef817a1be8]
Event: 30.492 Thread 0x000001eff4c6af60 11476       3       java.lang.invoke.DelegatingMethodHandle$Holder::delegate (25 bytes)
Event: 30.492 Thread 0x000001eff4c6af60 nmethod 11476 0x000001ef817a1e90 code [0x000001ef817a2060, 0x000001ef817a25f0]
Event: 30.492 Thread 0x000001eff4c6af60 11477   !   3       java.lang.invoke.StringConcatFactory::makeConcatWithConstants (258 bytes)
Event: 30.494 Thread 0x000001eff4c6af60 nmethod 11477 0x000001ef817a2710 code [0x000001ef817a2c80, 0x000001ef817a50c0]
Event: 30.495 Thread 0x000001efd66c6a00 11478       4       org.eclipse.core.runtime.Path::isPrefixOf (118 bytes)
Event: 30.512 Thread 0x000001eff4c66850 11479       4       org.eclipse.sisu.inject.LocatedBeans::iterator (9 bytes)
Event: 30.513 Thread 0x000001eff4c6af60 11480       3       org.eclipse.m2e.core.internal.preferences.MavenConfigurationImpl::getUserSettingsFile (8 bytes)
Event: 30.514 Thread 0x000001eff4c6af60 nmethod 11480 0x000001ef817a6190 code [0x000001ef817a6340, 0x000001ef817a6548]
Event: 30.514 Thread 0x000001eff4c6af60 11481       3       org.eclipse.m2e.core.internal.preferences.MavenConfigurationImpl::getGlobalSettingsFile (8 bytes)
Event: 30.514 Thread 0x000001eff4c6af60 nmethod 11481 0x000001ef817a6690 code [0x000001ef817a6840, 0x000001ef817a6a48]
Event: 30.515 Thread 0x000001eff4c6af60 11483       3       org.eclipse.m2e.core.internal.preferences.MavenConfigurationImpl::getSettingsLocations (61 bytes)
Event: 30.516 Thread 0x000001eff4c6af60 nmethod 11483 0x000001ef817a6b90 code [0x000001ef817a6de0, 0x000001ef817a75a8]
Event: 30.516 Thread 0x000001eff4c6af60 11484       3       org.eclipse.m2e.core.embedder.MavenSettingsLocations::<init> (15 bytes)
Event: 30.516 Thread 0x000001eff4c6af60 nmethod 11484 0x000001ef817a7910 code [0x000001ef817a7ac0, 0x000001ef817a7cb8]
Event: 30.516 Thread 0x000001eff4c6af60 11485  s!   3       org.eclipse.m2e.core.internal.embedder.MavenImpl$MavenSettings::getSettings (299 bytes)

GC Heap History (20 events):
Event: 28.900 GC heap before
{Heap before GC invocations=62 (full 3):
 PSYoungGen      total 20480K, used 20480K [0x00000000d5580000, 0x00000000d7280000, 0x0000000100000000)
  eden space 19968K, 100% used [0x00000000d5580000,0x00000000d6900000,0x00000000d6900000)
  from space 512K, 100% used [0x00000000d7200000,0x00000000d7280000,0x00000000d7280000)
  to   space 1536K, 0% used [0x00000000d6f80000,0x00000000d6f80000,0x00000000d7100000)
 ParOldGen       total 144384K, used 143919K [0x0000000080000000, 0x0000000088d00000, 0x00000000d5580000)
  object space 144384K, 99% used [0x0000000080000000,0x0000000088c8be78,0x0000000088d00000)
 Metaspace       used 64590K, committed 66112K, reserved 1114112K
  class space    used 6961K, committed 7616K, reserved 1048576K
}
Event: 28.902 GC heap after
{Heap after GC invocations=62 (full 3):
 PSYoungGen      total 21504K, used 1519K [0x00000000d5580000, 0x00000000d7280000, 0x0000000100000000)
  eden space 19968K, 0% used [0x00000000d5580000,0x00000000d5580000,0x00000000d6900000)
  from space 1536K, 98% used [0x00000000d6f80000,0x00000000d70fbd90,0x00000000d7100000)
  to   space 1536K, 0% used [0x00000000d7100000,0x00000000d7100000,0x00000000d7280000)
 ParOldGen       total 144896K, used 144563K [0x0000000080000000, 0x0000000088d80000, 0x00000000d5580000)
  object space 144896K, 99% used [0x0000000080000000,0x0000000088d2ce88,0x0000000088d80000)
 Metaspace       used 64590K, committed 66112K, reserved 1114112K
  class space    used 6961K, committed 7616K, reserved 1048576K
}
Event: 28.932 GC heap before
{Heap before GC invocations=63 (full 3):
 PSYoungGen      total 21504K, used 21487K [0x00000000d5580000, 0x00000000d7280000, 0x0000000100000000)
  eden space 19968K, 100% used [0x00000000d5580000,0x00000000d6900000,0x00000000d6900000)
  from space 1536K, 98% used [0x00000000d6f80000,0x00000000d70fbd90,0x00000000d7100000)
  to   space 1536K, 0% used [0x00000000d7100000,0x00000000d7100000,0x00000000d7280000)
 ParOldGen       total 144896K, used 144563K [0x0000000080000000, 0x0000000088d80000, 0x00000000d5580000)
  object space 144896K, 99% used [0x0000000080000000,0x0000000088d2ce88,0x0000000088d80000)
 Metaspace       used 64592K, committed 66112K, reserved 1114112K
  class space    used 6961K, committed 7616K, reserved 1048576K
}
Event: 28.934 GC heap after
{Heap after GC invocations=63 (full 3):
 PSYoungGen      total 20992K, used 960K [0x00000000d5580000, 0x00000000d7200000, 0x0000000100000000)
  eden space 19968K, 0% used [0x00000000d5580000,0x00000000d5580000,0x00000000d6900000)
  from space 1024K, 93% used [0x00000000d7100000,0x00000000d71f0000,0x00000000d7200000)
  to   space 1536K, 0% used [0x00000000d6f00000,0x00000000d6f00000,0x00000000d7080000)
 ParOldGen       total 146432K, used 146086K [0x0000000080000000, 0x0000000088f00000, 0x00000000d5580000)
  object space 146432K, 99% used [0x0000000080000000,0x0000000088ea9ad8,0x0000000088f00000)
 Metaspace       used 64592K, committed 66112K, reserved 1114112K
  class space    used 6961K, committed 7616K, reserved 1048576K
}
Event: 28.975 GC heap before
{Heap before GC invocations=64 (full 3):
 PSYoungGen      total 20992K, used 20928K [0x00000000d5580000, 0x00000000d7200000, 0x0000000100000000)
  eden space 19968K, 100% used [0x00000000d5580000,0x00000000d6900000,0x00000000d6900000)
  from space 1024K, 93% used [0x00000000d7100000,0x00000000d71f0000,0x00000000d7200000)
  to   space 1536K, 0% used [0x00000000d6f00000,0x00000000d6f00000,0x00000000d7080000)
 ParOldGen       total 146432K, used 146086K [0x0000000080000000, 0x0000000088f00000, 0x00000000d5580000)
  object space 146432K, 99% used [0x0000000080000000,0x0000000088ea9ad8,0x0000000088f00000)
 Metaspace       used 64610K, committed 66112K, reserved 1114112K
  class space    used 6965K, committed 7616K, reserved 1048576K
}
Event: 28.977 GC heap after
{Heap after GC invocations=64 (full 3):
 PSYoungGen      total 21504K, used 780K [0x00000000d5580000, 0x00000000d7180000, 0x0000000100000000)
  eden space 19968K, 0% used [0x00000000d5580000,0x00000000d5580000,0x00000000d6900000)
  from space 1536K, 50% used [0x00000000d6f00000,0x00000000d6fc3138,0x00000000d7080000)
  to   space 1024K, 0% used [0x00000000d7080000,0x00000000d7080000,0x00000000d7180000)
 ParOldGen       total 146944K, used 146875K [0x0000000080000000, 0x0000000088f80000, 0x00000000d5580000)
  object space 146944K, 99% used [0x0000000080000000,0x0000000088f6ee40,0x0000000088f80000)
 Metaspace       used 64610K, committed 66112K, reserved 1114112K
  class space    used 6965K, committed 7616K, reserved 1048576K
}
Event: 29.019 GC heap before
{Heap before GC invocations=65 (full 3):
 PSYoungGen      total 21504K, used 20748K [0x00000000d5580000, 0x00000000d7180000, 0x0000000100000000)
  eden space 19968K, 100% used [0x00000000d5580000,0x00000000d6900000,0x00000000d6900000)
  from space 1536K, 50% used [0x00000000d6f00000,0x00000000d6fc3138,0x00000000d7080000)
  to   space 1024K, 0% used [0x00000000d7080000,0x00000000d7080000,0x00000000d7180000)
 ParOldGen       total 146944K, used 146875K [0x0000000080000000, 0x0000000088f80000, 0x00000000d5580000)
  object space 146944K, 99% used [0x0000000080000000,0x0000000088f6ee40,0x0000000088f80000)
 Metaspace       used 64618K, committed 66176K, reserved 1114112K
  class space    used 6965K, committed 7616K, reserved 1048576K
}
Event: 29.021 GC heap after
{Heap after GC invocations=65 (full 3):
 PSYoungGen      total 20992K, used 608K [0x00000000d5580000, 0x00000000d7180000, 0x0000000100000000)
  eden space 19968K, 0% used [0x00000000d5580000,0x00000000d5580000,0x00000000d6900000)
  from space 1024K, 59% used [0x00000000d7080000,0x00000000d7118000,0x00000000d7180000)
  to   space 1024K, 0% used [0x00000000d6f80000,0x00000000d6f80000,0x00000000d7080000)
 ParOldGen       total 147968K, used 147524K [0x0000000080000000, 0x0000000089080000, 0x00000000d5580000)
  object space 147968K, 99% used [0x0000000080000000,0x0000000089011298,0x0000000089080000)
 Metaspace       used 64618K, committed 66176K, reserved 1114112K
  class space    used 6965K, committed 7616K, reserved 1048576K
}
Event: 29.063 GC heap before
{Heap before GC invocations=66 (full 3):
 PSYoungGen      total 20992K, used 20576K [0x00000000d5580000, 0x00000000d7180000, 0x0000000100000000)
  eden space 19968K, 100% used [0x00000000d5580000,0x00000000d6900000,0x00000000d6900000)
  from space 1024K, 59% used [0x00000000d7080000,0x00000000d7118000,0x00000000d7180000)
  to   space 1024K, 0% used [0x00000000d6f80000,0x00000000d6f80000,0x00000000d7080000)
 ParOldGen       total 147968K, used 147524K [0x0000000080000000, 0x0000000089080000, 0x00000000d5580000)
  object space 147968K, 99% used [0x0000000080000000,0x0000000089011298,0x0000000089080000)
 Metaspace       used 64626K, committed 66176K, reserved 1114112K
  class space    used 6965K, committed 7616K, reserved 1048576K
}
Event: 29.066 GC heap after
{Heap after GC invocations=66 (full 3):
 PSYoungGen      total 20992K, used 608K [0x00000000d5580000, 0x00000000d7100000, 0x0000000100000000)
  eden space 19968K, 0% used [0x00000000d5580000,0x00000000d5580000,0x00000000d6900000)
  from space 1024K, 59% used [0x00000000d6f80000,0x00000000d7018000,0x00000000d7080000)
  to   space 512K, 0% used [0x00000000d7080000,0x00000000d7080000,0x00000000d7100000)
 ParOldGen       total 147968K, used 147932K [0x0000000080000000, 0x0000000089080000, 0x00000000d5580000)
  object space 147968K, 99% used [0x0000000080000000,0x0000000089077298,0x0000000089080000)
 Metaspace       used 64626K, committed 66176K, reserved 1114112K
  class space    used 6965K, committed 7616K, reserved 1048576K
}
Event: 29.115 GC heap before
{Heap before GC invocations=67 (full 3):
 PSYoungGen      total 20992K, used 20576K [0x00000000d5580000, 0x00000000d7100000, 0x0000000100000000)
  eden space 19968K, 100% used [0x00000000d5580000,0x00000000d6900000,0x00000000d6900000)
  from space 1024K, 59% used [0x00000000d6f80000,0x00000000d7018000,0x00000000d7080000)
  to   space 512K, 0% used [0x00000000d7080000,0x00000000d7080000,0x00000000d7100000)
 ParOldGen       total 147968K, used 147932K [0x0000000080000000, 0x0000000089080000, 0x00000000d5580000)
  object space 147968K, 99% used [0x0000000080000000,0x0000000089077298,0x0000000089080000)
 Metaspace       used 64630K, committed 66176K, reserved 1114112K
  class space    used 6965K, committed 7616K, reserved 1048576K
}
Event: 29.117 GC heap after
{Heap after GC invocations=67 (full 3):
 PSYoungGen      total 20480K, used 510K [0x00000000d5580000, 0x00000000d7100000, 0x0000000100000000)
  eden space 19968K, 0% used [0x00000000d5580000,0x00000000d5580000,0x00000000d6900000)
  from space 512K, 99% used [0x00000000d7080000,0x00000000d70ffb80,0x00000000d7100000)
  to   space 1536K, 0% used [0x00000000d6e00000,0x00000000d6e00000,0x00000000d6f80000)
 ParOldGen       total 148992K, used 148588K [0x0000000080000000, 0x0000000089180000, 0x00000000d5580000)
  object space 148992K, 99% used [0x0000000080000000,0x000000008911b298,0x0000000089180000)
 Metaspace       used 64630K, committed 66176K, reserved 1114112K
  class space    used 6965K, committed 7616K, reserved 1048576K
}
Event: 29.175 GC heap before
{Heap before GC invocations=68 (full 3):
 PSYoungGen      total 20480K, used 20478K [0x00000000d5580000, 0x00000000d7100000, 0x0000000100000000)
  eden space 19968K, 100% used [0x00000000d5580000,0x00000000d6900000,0x00000000d6900000)
  from space 512K, 99% used [0x00000000d7080000,0x00000000d70ffb80,0x00000000d7100000)
  to   space 1536K, 0% used [0x00000000d6e00000,0x00000000d6e00000,0x00000000d6f80000)
 ParOldGen       total 148992K, used 148588K [0x0000000080000000, 0x0000000089180000, 0x00000000d5580000)
  object space 148992K, 99% used [0x0000000080000000,0x000000008911b298,0x0000000089180000)
 Metaspace       used 64642K, committed 66176K, reserved 1114112K
  class space    used 6965K, committed 7616K, reserved 1048576K
}
Event: 29.178 GC heap after
{Heap after GC invocations=68 (full 3):
 PSYoungGen      total 21504K, used 1501K [0x00000000d5580000, 0x00000000d7100000, 0x0000000100000000)
  eden space 19968K, 0% used [0x00000000d5580000,0x00000000d5580000,0x00000000d6900000)
  from space 1536K, 97% used [0x00000000d6e00000,0x00000000d6f775a0,0x00000000d6f80000)
  to   space 1536K, 0% used [0x00000000d6f80000,0x00000000d6f80000,0x00000000d7100000)
 ParOldGen       total 149504K, used 149059K [0x0000000080000000, 0x0000000089200000, 0x00000000d5580000)
  object space 149504K, 99% used [0x0000000080000000,0x0000000089190d08,0x0000000089200000)
 Metaspace       used 64642K, committed 66176K, reserved 1114112K
  class space    used 6965K, committed 7616K, reserved 1048576K
}
Event: 29.258 GC heap before
{Heap before GC invocations=69 (full 3):
 PSYoungGen      total 21504K, used 21469K [0x00000000d5580000, 0x00000000d7100000, 0x0000000100000000)
  eden space 19968K, 100% used [0x00000000d5580000,0x00000000d6900000,0x00000000d6900000)
  from space 1536K, 97% used [0x00000000d6e00000,0x00000000d6f775a0,0x00000000d6f80000)
  to   space 1536K, 0% used [0x00000000d6f80000,0x00000000d6f80000,0x00000000d7100000)
 ParOldGen       total 149504K, used 149059K [0x0000000080000000, 0x0000000089200000, 0x00000000d5580000)
  object space 149504K, 99% used [0x0000000080000000,0x0000000089190d08,0x0000000089200000)
 Metaspace       used 64654K, committed 66176K, reserved 1114112K
  class space    used 6965K, committed 7616K, reserved 1048576K
}
Event: 29.261 GC heap after
{Heap after GC invocations=69 (full 3):
 PSYoungGen      total 20992K, used 1022K [0x00000000d5580000, 0x00000000d7080000, 0x0000000100000000)
  eden space 19968K, 0% used [0x00000000d5580000,0x00000000d5580000,0x00000000d6900000)
  from space 1024K, 99% used [0x00000000d6f80000,0x00000000d707f9e0,0x00000000d7080000)
  to   space 1536K, 0% used [0x00000000d6d80000,0x00000000d6d80000,0x00000000d6f00000)
 ParOldGen       total 150528K, used 150433K [0x0000000080000000, 0x0000000089300000, 0x00000000d5580000)
  object space 150528K, 99% used [0x0000000080000000,0x00000000892e8730,0x0000000089300000)
 Metaspace       used 64654K, committed 66176K, reserved 1114112K
  class space    used 6965K, committed 7616K, reserved 1048576K
}
Event: 29.310 GC heap before
{Heap before GC invocations=70 (full 3):
 PSYoungGen      total 20992K, used 20990K [0x00000000d5580000, 0x00000000d7080000, 0x0000000100000000)
  eden space 19968K, 100% used [0x00000000d5580000,0x00000000d6900000,0x00000000d6900000)
  from space 1024K, 99% used [0x00000000d6f80000,0x00000000d707f9e0,0x00000000d7080000)
  to   space 1536K, 0% used [0x00000000d6d80000,0x00000000d6d80000,0x00000000d6f00000)
 ParOldGen       total 150528K, used 150433K [0x0000000080000000, 0x0000000089300000, 0x00000000d5580000)
  object space 150528K, 99% used [0x0000000080000000,0x00000000892e8730,0x0000000089300000)
 Metaspace       used 64667K, committed 66176K, reserved 1114112K
  class space    used 6965K, committed 7616K, reserved 1048576K
}
Event: 29.312 GC heap after
{Heap after GC invocations=70 (full 3):
 PSYoungGen      total 21504K, used 836K [0x00000000d5580000, 0x00000000d7000000, 0x0000000100000000)
  eden space 19968K, 0% used [0x00000000d5580000,0x00000000d5580000,0x00000000d6900000)
  from space 1536K, 54% used [0x00000000d6d80000,0x00000000d6e51190,0x00000000d6f00000)
  to   space 1024K, 0% used [0x00000000d6f00000,0x00000000d6f00000,0x00000000d7000000)
 ParOldGen       total 151552K, used 151315K [0x0000000080000000, 0x0000000089400000, 0x00000000d5580000)
  object space 151552K, 99% used [0x0000000080000000,0x00000000893c4dc0,0x0000000089400000)
 Metaspace       used 64667K, committed 66176K, reserved 1114112K
  class space    used 6965K, committed 7616K, reserved 1048576K
}
Event: 30.400 GC heap before
{Heap before GC invocations=71 (full 3):
 PSYoungGen      total 21504K, used 20804K [0x00000000d5580000, 0x00000000d7000000, 0x0000000100000000)
  eden space 19968K, 100% used [0x00000000d5580000,0x00000000d6900000,0x00000000d6900000)
  from space 1536K, 54% used [0x00000000d6d80000,0x00000000d6e51190,0x00000000d6f00000)
  to   space 1024K, 0% used [0x00000000d6f00000,0x00000000d6f00000,0x00000000d7000000)
 ParOldGen       total 151552K, used 151315K [0x0000000080000000, 0x0000000089400000, 0x00000000d5580000)
  object space 151552K, 99% used [0x0000000080000000,0x00000000893c4dc0,0x0000000089400000)
 Metaspace       used 64823K, committed 66240K, reserved 1114112K
  class space    used 6981K, committed 7616K, reserved 1048576K
}
Event: 30.402 GC heap after
{Heap after GC invocations=71 (full 3):
 PSYoungGen      total 20992K, used 882K [0x00000000d5580000, 0x00000000d7000000, 0x0000000100000000)
  eden space 19968K, 0% used [0x00000000d5580000,0x00000000d5580000,0x00000000d6900000)
  from space 1024K, 86% used [0x00000000d6f00000,0x00000000d6fdc810,0x00000000d7000000)
  to   space 1024K, 0% used [0x00000000d6e00000,0x00000000d6e00000,0x00000000d6f00000)
 ParOldGen       total 152064K, used 151964K [0x0000000080000000, 0x0000000089480000, 0x00000000d5580000)
  object space 152064K, 99% used [0x0000000080000000,0x00000000894671c8,0x0000000089480000)
 Metaspace       used 64823K, committed 66240K, reserved 1114112K
  class space    used 6981K, committed 7616K, reserved 1048576K
}

Dll operation events (12 events):
Event: 0.017 Loaded shared library c:\Users\deana\.vscode\extensions\redhat.java-1.47.0-win32-x64\jre\21.0.8-win32-x86_64\bin\java.dll
Event: 0.091 Loaded shared library c:\Users\deana\.vscode\extensions\redhat.java-1.47.0-win32-x64\jre\21.0.8-win32-x86_64\bin\zip.dll
Event: 0.117 Loaded shared library C:\Users\deana\.vscode\extensions\redhat.java-1.47.0-win32-x64\jre\21.0.8-win32-x86_64\bin\instrument.dll
Event: 0.122 Loaded shared library C:\Users\deana\.vscode\extensions\redhat.java-1.47.0-win32-x64\jre\21.0.8-win32-x86_64\bin\net.dll
Event: 0.125 Loaded shared library C:\Users\deana\.vscode\extensions\redhat.java-1.47.0-win32-x64\jre\21.0.8-win32-x86_64\bin\nio.dll
Event: 0.131 Loaded shared library C:\Users\deana\.vscode\extensions\redhat.java-1.47.0-win32-x64\jre\21.0.8-win32-x86_64\bin\zip.dll
Event: 0.153 Loaded shared library C:\Users\deana\.vscode\extensions\redhat.java-1.47.0-win32-x64\jre\21.0.8-win32-x86_64\bin\jimage.dll
Event: 0.250 Loaded shared library c:\Users\deana\.vscode\extensions\redhat.java-1.47.0-win32-x64\jre\21.0.8-win32-x86_64\bin\verify.dll
Event: 1.980 Loaded shared library C:\Users\deana\AppData\Roaming\Code\User\globalStorage\redhat.java\1.47.0\config_win\org.eclipse.equinox.launcher\org.eclipse.equinox.launcher.win32.win32.x86_64_1.2.1400.v20250801-0854\eclipse_11916.dll
Event: 5.728 Loaded shared library C:\Users\deana\AppData\Local\Temp\jna-95457715\jna10278137518802156225.dll
Event: 17.558 Loaded shared library C:\Users\deana\.vscode\extensions\redhat.java-1.47.0-win32-x64\jre\21.0.8-win32-x86_64\bin\sunmscapi.dll
Event: 17.918 Loaded shared library C:\Users\deana\.vscode\extensions\redhat.java-1.47.0-win32-x64\jre\21.0.8-win32-x86_64\bin\extnet.dll

Deoptimization events (20 events):
Event: 30.414 Thread 0x000001effed78dc0 Uncommon trap: trap_request=0xffffff45 fr.pc=0x000001ef8819641c relative=0x000000000000259c
Event: 30.414 Thread 0x000001effed78dc0 Uncommon trap: reason=unstable_if action=reinterpret pc=0x000001ef8819641c method=java.util.jar.Manifest$FastInputStream.readLine([BII)I @ 130 c2
Event: 30.414 Thread 0x000001effed78dc0 DEOPT PACKING pc=0x000001ef8819641c sp=0x000000edcacfd700
Event: 30.414 Thread 0x000001effed78dc0 DEOPT UNPACKING pc=0x000001ef87583aa2 sp=0x000000edcacfd5c8 mode 2
Event: 30.417 Thread 0x000001effed78dc0 DEOPT PACKING pc=0x000001ef810dfd7b sp=0x000000edcacfd760
Event: 30.417 Thread 0x000001effed78dc0 DEOPT UNPACKING pc=0x000001ef87584242 sp=0x000000edcacfcbd0 mode 0
Event: 30.417 Thread 0x000001effed78dc0 DEOPT PACKING pc=0x000001ef810dfd7b sp=0x000000edcacfd760
Event: 30.417 Thread 0x000001effed78dc0 DEOPT UNPACKING pc=0x000001ef87584242 sp=0x000000edcacfcbd0 mode 0
Event: 30.452 Thread 0x000001effed7c240 Uncommon trap: trap_request=0xffffff45 fr.pc=0x000001ef8806227c relative=0x000000000000041c
Event: 30.452 Thread 0x000001effed7c240 Uncommon trap: reason=unstable_if action=reinterpret pc=0x000001ef8806227c method=org.eclipse.jdt.internal.compiler.parser.Scanner.getNextToken()Lorg/eclipse/jdt/internal/compiler/parser/TerminalToken; @ 92 c2
Event: 30.453 Thread 0x000001effed7c240 DEOPT PACKING pc=0x000001ef8806227c sp=0x000000edcabfe670
Event: 30.453 Thread 0x000001effed7c240 DEOPT UNPACKING pc=0x000001ef87583aa2 sp=0x000000edcabfe610 mode 2
Event: 30.460 Thread 0x000001efd414aa60 Uncommon trap: trap_request=0xffffffde fr.pc=0x000001ef88019f60 relative=0x0000000000000120
Event: 30.460 Thread 0x000001efd414aa60 Uncommon trap: reason=class_check action=maybe_recompile pc=0x000001ef88019f60 method=java.util.stream.ReduceOps$ReduceOp.evaluateSequential(Ljava/util/stream/PipelineHelper;Ljava/util/Spliterator;)Ljava/lang/Object; @ 2 c2
Event: 30.460 Thread 0x000001efd414aa60 DEOPT PACKING pc=0x000001ef88019f60 sp=0x000000edc90fe360
Event: 30.460 Thread 0x000001efd414aa60 DEOPT UNPACKING pc=0x000001ef87583aa2 sp=0x000000edc90fe2e0 mode 2
Event: 30.462 Thread 0x000001effed7c240 Uncommon trap: trap_request=0xffffff45 fr.pc=0x000001ef87d65bb0 relative=0x0000000000000e10
Event: 30.462 Thread 0x000001effed7c240 Uncommon trap: reason=unstable_if action=reinterpret pc=0x000001ef87d65bb0 method=org.eclipse.jdt.internal.core.index.DiskIndex.readStreamChars(Ljava/io/InputStream;)[C @ 1 c2
Event: 30.462 Thread 0x000001effed7c240 DEOPT PACKING pc=0x000001ef87d65bb0 sp=0x000000edcabfda10
Event: 30.462 Thread 0x000001effed7c240 DEOPT UNPACKING pc=0x000001ef87583aa2 sp=0x000000edcabfd988 mode 2

Classes loaded (20 events):
Event: 25.702 Loading class sun/security/ssl/Alert$Level
Event: 25.702 Loading class sun/security/ssl/Alert$Level done
Event: 25.727 Loading class java/util/Hashtable$KeySet
Event: 25.727 Loading class java/util/Hashtable$KeySet done
Event: 26.056 Loading class jdk/internal/event/SecurityPropertyModificationEvent
Event: 26.056 Loading class jdk/internal/event/SecurityPropertyModificationEvent done
Event: 26.437 Loading class java/util/zip/GZIPInputStream$1
Event: 26.437 Loading class java/util/zip/GZIPInputStream$1 done
Event: 26.951 Loading class sun/nio/cs/ISO_8859_1$Decoder
Event: 26.958 Loading class sun/nio/cs/ISO_8859_1$Decoder done
Event: 28.505 Loading class java/util/stream/DistinctOps
Event: 28.505 Loading class java/util/stream/DistinctOps done
Event: 28.505 Loading class java/util/stream/DistinctOps$1
Event: 28.505 Loading class java/util/stream/DistinctOps$1 done
Event: 28.508 Loading class java/util/stream/DistinctOps$1$2
Event: 28.508 Loading class java/util/stream/DistinctOps$1$2 done
Event: 30.460 Loading class java/util/stream/ReduceOps$4
Event: 30.460 Loading class java/util/stream/ReduceOps$4 done
Event: 30.460 Loading class java/util/stream/ReduceOps$4ReducingSink
Event: 30.460 Loading class java/util/stream/ReduceOps$4ReducingSink done

Classes unloaded (7 events):
Event: 7.838 Thread 0x000001eff4c4e890 Unloading class 0x000001ef901a4c00 'java/lang/invoke/LambdaForm$MH+0x000001ef901a4c00'
Event: 7.838 Thread 0x000001eff4c4e890 Unloading class 0x000001ef901a4800 'java/lang/invoke/LambdaForm$MH+0x000001ef901a4800'
Event: 7.838 Thread 0x000001eff4c4e890 Unloading class 0x000001ef901a4400 'java/lang/invoke/LambdaForm$MH+0x000001ef901a4400'
Event: 7.838 Thread 0x000001eff4c4e890 Unloading class 0x000001ef901a4000 'java/lang/invoke/LambdaForm$MH+0x000001ef901a4000'
Event: 7.838 Thread 0x000001eff4c4e890 Unloading class 0x000001ef901a3c00 'java/lang/invoke/LambdaForm$BMH+0x000001ef901a3c00'
Event: 7.838 Thread 0x000001eff4c4e890 Unloading class 0x000001ef901a3800 'java/lang/invoke/LambdaForm$DMH+0x000001ef901a3800'
Event: 7.838 Thread 0x000001eff4c4e890 Unloading class 0x000001ef901a2400 'java/lang/invoke/LambdaForm$DMH+0x000001ef901a2400'

Classes redefined (0 events):
No events

Internal exceptions (20 events):
Event: 28.804 Thread 0x000001effed7c240 Exception <a 'sun/nio/fs/WindowsException'{0x00000000d61a5588}> (0x00000000d61a5588) 
thrown [s\src\hotspot\share\prims\jni.cpp, line 520]
Event: 28.810 Thread 0x000001effed7c240 Exception <a 'java/io/FileNotFoundException'{0x00000000d649e3e0}> (0x00000000d649e3e0) 
thrown [s\src\hotspot\share\prims\jni.cpp, line 520]
Event: 28.811 Thread 0x000001effed7c240 Exception <a 'java/io/FileNotFoundException'{0x00000000d657ee00}> (0x00000000d657ee00) 
thrown [s\src\hotspot\share\prims\jni.cpp, line 520]
Event: 28.824 Thread 0x000001effed7c240 Exception <a 'sun/nio/fs/WindowsException'{0x00000000d5801490}> (0x00000000d5801490) 
thrown [s\src\hotspot\share\prims\jni.cpp, line 520]
Event: 28.825 Thread 0x000001effed7c240 Exception <a 'sun/nio/fs/WindowsException'{0x00000000d5801de0}> (0x00000000d5801de0) 
thrown [s\src\hotspot\share\prims\jni.cpp, line 520]
Event: 28.839 Thread 0x000001effed7c240 Exception <a 'sun/nio/fs/WindowsException'{0x00000000d6282760}> (0x00000000d6282760) 
thrown [s\src\hotspot\share\prims\jni.cpp, line 520]
Event: 28.839 Thread 0x000001effed7c240 Exception <a 'sun/nio/fs/WindowsException'{0x00000000d62830b0}> (0x00000000d62830b0) 
thrown [s\src\hotspot\share\prims\jni.cpp, line 520]
Event: 29.393 Thread 0x000001efd414aa60 Exception <a 'java/lang/NullPointerException'{0x00000000d66c29d8}> (0x00000000d66c29d8) 
thrown [s\src\hotspot\share\interpreter\linkResolver.cpp, line 1372]
Event: 29.425 Thread 0x000001effed78dc0 Exception <a 'sun/nio/fs/WindowsException'{0x00000000d680b3f0}> (0x00000000d680b3f0) 
thrown [s\src\hotspot\share\prims\jni.cpp, line 520]
Event: 29.425 Thread 0x000001effed78dc0 Exception <a 'sun/nio/fs/WindowsException'{0x00000000d6813e20}> (0x00000000d6813e20) 
thrown [s\src\hotspot\share\prims\jni.cpp, line 520]
Event: 29.426 Thread 0x000001effed78dc0 Exception <a 'sun/nio/fs/WindowsException'{0x00000000d682df58}> (0x00000000d682df58) 
thrown [s\src\hotspot\share\prims\jni.cpp, line 520]
Event: 29.426 Thread 0x000001effed78dc0 Exception <a 'sun/nio/fs/WindowsException'{0x00000000d682e8a8}> (0x00000000d682e8a8) 
thrown [s\src\hotspot\share\prims\jni.cpp, line 520]
Event: 29.427 Thread 0x000001effed78dc0 Exception <a 'sun/nio/fs/WindowsException'{0x00000000d6830480}> (0x00000000d6830480) 
thrown [s\src\hotspot\share\prims\jni.cpp, line 520]
Event: 29.427 Thread 0x000001effed78dc0 Exception <a 'sun/nio/fs/WindowsException'{0x00000000d6832760}> (0x00000000d6832760) 
thrown [s\src\hotspot\share\prims\jni.cpp, line 520]
Event: 29.432 Thread 0x000001effed78dc0 Exception <a 'sun/nio/fs/WindowsException'{0x00000000d686b7e8}> (0x00000000d686b7e8) 
thrown [s\src\hotspot\share\prims\jni.cpp, line 520]
Event: 29.433 Thread 0x000001effed78dc0 Exception <a 'sun/nio/fs/WindowsException'{0x00000000d686c0b8}> (0x00000000d686c0b8) 
thrown [s\src\hotspot\share\prims\jni.cpp, line 520]
Event: 30.413 Thread 0x000001efd414f920 Exception <a 'sun/nio/fs/WindowsException'{0x00000000d56ce488}> (0x00000000d56ce488) 
thrown [s\src\hotspot\share\prims\jni.cpp, line 520]
Event: 30.413 Thread 0x000001efd414f920 Exception <a 'sun/nio/fs/WindowsException'{0x00000000d56d2de0}> (0x00000000d56d2de0) 
thrown [s\src\hotspot\share\prims\jni.cpp, line 520]
Event: 30.462 Thread 0x000001effed7c240 Implicit null exception at 0x000001ef87d64de4 to 0x000001ef87d65b9c
Event: 30.469 Thread 0x000001efd414aa60 Exception <a 'java/lang/NoSuchMethodError'{0x00000000d5e42030}: 'int java.lang.invoke.DirectMethodHandle$Holder.invokeSpecialIFC(java.lang.Object, java.lang.Object, java.lang.Object)'> (0x00000000d5e42030) 
thrown [s\src\hotspot\share\interpreter\linkResolver.cpp, line 773]

ZGC Phase Switch (0 events):
No events

VM Operations (20 events):
Event: 29.067 Executing VM operation: ParallelGCFailedAllocation (Allocation Failure) done
Event: 29.115 Executing VM operation: ParallelGCFailedAllocation (Allocation Failure)
Event: 29.117 Executing VM operation: ParallelGCFailedAllocation (Allocation Failure) done
Event: 29.175 Executing VM operation: ParallelGCFailedAllocation (Allocation Failure)
Event: 29.178 Executing VM operation: ParallelGCFailedAllocation (Allocation Failure) done
Event: 29.258 Executing VM operation: ParallelGCFailedAllocation (Allocation Failure)
Event: 29.261 Executing VM operation: ParallelGCFailedAllocation (Allocation Failure) done
Event: 29.310 Executing VM operation: ParallelGCFailedAllocation (Allocation Failure)
Event: 29.312 Executing VM operation: ParallelGCFailedAllocation (Allocation Failure) done
Event: 29.385 Executing VM operation: HandshakeAllThreads (Deoptimize)
Event: 29.385 Executing VM operation: HandshakeAllThreads (Deoptimize) done
Event: 30.384 Executing VM operation: Cleanup
Event: 30.384 Executing VM operation: Cleanup done
Event: 30.400 Executing VM operation: ParallelGCFailedAllocation (Allocation Failure)
Event: 30.402 Executing VM operation: ParallelGCFailedAllocation (Allocation Failure) done
Event: 30.463 Executing VM operation: HandshakeAllThreads (Deoptimize)
Event: 30.463 Executing VM operation: HandshakeAllThreads (Deoptimize) done
Event: 30.479 Executing VM operation: HandshakeAllThreads (Deoptimize)
Event: 30.480 Executing VM operation: HandshakeAllThreads (Deoptimize) done
Event: 31.479 Executing VM operation: Cleanup

Memory protections (0 events):
No events

Nmethod flushes (20 events):
Event: 22.453 Thread 0x000001eff4c4e890 flushing  nmethod 0x000001ef80904590
Event: 22.453 Thread 0x000001eff4c4e890 flushing  nmethod 0x000001ef80905a10
Event: 22.453 Thread 0x000001eff4c4e890 flushing  nmethod 0x000001ef80905f90
Event: 22.453 Thread 0x000001eff4c4e890 flushing  nmethod 0x000001ef80906390
Event: 22.453 Thread 0x000001eff4c4e890 flushing  nmethod 0x000001ef80906990
Event: 22.453 Thread 0x000001eff4c4e890 flushing  nmethod 0x000001ef80915f90
Event: 22.453 Thread 0x000001eff4c4e890 flushing  nmethod 0x000001ef80916390
Event: 22.453 Thread 0x000001eff4c4e890 flushing  nmethod 0x000001ef80916810
Event: 22.453 Thread 0x000001eff4c4e890 flushing  nmethod 0x000001ef80916e10
Event: 22.453 Thread 0x000001eff4c4e890 flushing  nmethod 0x000001ef80917210
Event: 22.453 Thread 0x000001eff4c4e890 flushing  nmethod 0x000001ef80917810
Event: 22.453 Thread 0x000001eff4c4e890 flushing  nmethod 0x000001ef8093c510
Event: 22.453 Thread 0x000001eff4c4e890 flushing  nmethod 0x000001ef8093c990
Event: 22.453 Thread 0x000001eff4c4e890 flushing  nmethod 0x000001ef80941810
Event: 22.453 Thread 0x000001eff4c4e890 flushing  nmethod 0x000001ef80942010
Event: 22.453 Thread 0x000001eff4c4e890 flushing  nmethod 0x000001ef80953290
Event: 22.453 Thread 0x000001eff4c4e890 flushing  nmethod 0x000001ef80972110
Event: 22.453 Thread 0x000001eff4c4e890 flushing  nmethod 0x000001ef80973a90
Event: 22.453 Thread 0x000001eff4c4e890 flushing  nmethod 0x000001ef80974810
Event: 22.453 Thread 0x000001eff4c4e890 flushing  nmethod 0x000001ef80974e10

Events (20 events):
Event: 23.500 Thread 0x000001efd49b9130 Thread exited: 0x000001efd49b9130
Event: 23.596 Thread 0x000001efd66aa370 Thread exited: 0x000001efd66aa370
Event: 23.751 Thread 0x000001eff4c6af60 Thread added: 0x000001efd77e1430
Event: 24.377 Thread 0x000001efd41519f0 Thread added: 0x000001efd5af2790
Event: 24.377 Thread 0x000001efd41519f0 Thread added: 0x000001efd5aef310
Event: 24.377 Thread 0x000001efd41519f0 Thread added: 0x000001efd5af5c10
Event: 24.377 Thread 0x000001efd41519f0 Thread added: 0x000001efd5af3b40
Event: 24.378 Thread 0x000001efd41519f0 Thread added: 0x000001efd5af34b0
Event: 25.419 Thread 0x000001efd77e1430 Thread exited: 0x000001efd77e1430
Event: 26.056 Thread 0x000001eff4c6af60 Thread added: 0x000001efd77e1430
Event: 26.076 Thread 0x000001efd5af1a70 Thread added: 0x000001efd5af4860
Event: 26.174 Thread 0x000001eff4c6af60 Thread added: 0x000001efd66c6a00
Event: 26.686 Thread 0x000001efd414aa60 Thread added: 0x000001efd5af4ef0
Event: 26.695 Thread 0x000001efd414aa60 Thread added: 0x000001efd5af5580
Event: 26.900 Thread 0x000001efd5af4860 Thread exited: 0x000001efd5af4860
Event: 27.700 Thread 0x000001efd5af5c10 Thread exited: 0x000001efd5af5c10
Event: 27.701 Thread 0x000001efd5af3b40 Thread exited: 0x000001efd5af3b40
Event: 27.701 Thread 0x000001efd5af34b0 Thread exited: 0x000001efd5af34b0
Event: 27.705 Thread 0x000001efd5af2790 Thread exited: 0x000001efd5af2790
Event: 27.706 Thread 0x000001efd5aef310 Thread exited: 0x000001efd5aef310


Dynamic libraries:
0x00007ff72c190000 - 0x00007ff72c19e000 	c:\Users\deana\.vscode\extensions\redhat.java-1.47.0-win32-x64\jre\21.0.8-win32-x86_64\bin\java.exe
0x00007ffe888c0000 - 0x00007ffe88b28000 	C:\Windows\SYSTEM32\ntdll.dll
0x00007ffe87b00000 - 0x00007ffe87bc9000 	C:\Windows\System32\KERNEL32.DLL
0x00007ffe85bc0000 - 0x00007ffe85fb2000 	C:\Windows\System32\KERNELBASE.dll
0x00007ffe860f0000 - 0x00007ffe8623b000 	C:\Windows\System32\ucrtbase.dll
0x00007ffe5f530000 - 0x00007ffe5f54e000 	c:\Users\deana\.vscode\extensions\redhat.java-1.47.0-win32-x64\jre\21.0.8-win32-x86_64\bin\VCRUNTIME140.dll
0x00007ffe69930000 - 0x00007ffe69948000 	c:\Users\deana\.vscode\extensions\redhat.java-1.47.0-win32-x64\jre\21.0.8-win32-x86_64\bin\jli.dll
0x00007ffe86fc0000 - 0x00007ffe87185000 	C:\Windows\System32\USER32.dll
0x00007ffe6b9c0000 - 0x00007ffe6bc53000 	C:\Windows\WinSxS\amd64_microsoft.windows.common-controls_6595b64144ccf1df_6.0.26100.6899_none_3e0efeeae32e88c1\COMCTL32.dll
0x00007ffe86240000 - 0x00007ffe86267000 	C:\Windows\System32\win32u.dll
0x00007ffe86690000 - 0x00007ffe866bb000 	C:\Windows\System32\GDI32.dll
0x00007ffe85fc0000 - 0x00007ffe860ed000 	C:\Windows\System32\gdi32full.dll
0x00007ffe86310000 - 0x00007ffe863b3000 	C:\Windows\System32\msvcp_win.dll
0x00007ffe87250000 - 0x00007ffe872f9000 	C:\Windows\System32\msvcrt.dll
0x00007ffe866c0000 - 0x00007ffe866ef000 	C:\Windows\System32\IMM32.DLL
0x00007ffe6d350000 - 0x00007ffe6d35c000 	c:\Users\deana\.vscode\extensions\redhat.java-1.47.0-win32-x64\jre\21.0.8-win32-x86_64\bin\vcruntime140_1.dll
0x00007ffe5e190000 - 0x00007ffe5e21d000 	c:\Users\deana\.vscode\extensions\redhat.java-1.47.0-win32-x64\jre\21.0.8-win32-x86_64\bin\msvcp140.dll
0x00007ffd827d0000 - 0x00007ffd83567000 	c:\Users\deana\.vscode\extensions\redhat.java-1.47.0-win32-x64\jre\21.0.8-win32-x86_64\bin\server\jvm.dll
0x00007ffe87680000 - 0x00007ffe87734000 	C:\Windows\System32\ADVAPI32.dll
0x00007ffe874d0000 - 0x00007ffe87576000 	C:\Windows\System32\sechost.dll
0x00007ffe877d0000 - 0x00007ffe878e8000 	C:\Windows\System32\RPCRT4.dll
0x00007ffe88060000 - 0x00007ffe880d4000 	C:\Windows\System32\WS2_32.dll
0x00007ffe858d0000 - 0x00007ffe8592e000 	C:\Windows\SYSTEM32\POWRPROF.dll
0x00007ffe83350000 - 0x00007ffe83385000 	C:\Windows\SYSTEM32\WINMM.dll
0x00007ffe6c2a0000 - 0x00007ffe6c2ab000 	C:\Windows\SYSTEM32\VERSION.dll
0x00007ffe858b0000 - 0x00007ffe858c4000 	C:\Windows\SYSTEM32\UMPDC.dll
0x00007ffe84820000 - 0x00007ffe8483b000 	C:\Windows\SYSTEM32\kernel.appcore.dll
0x00007ffe6d060000 - 0x00007ffe6d06a000 	c:\Users\deana\.vscode\extensions\redhat.java-1.47.0-win32-x64\jre\21.0.8-win32-x86_64\bin\jimage.dll
0x00007ffe83070000 - 0x00007ffe832b2000 	C:\Windows\SYSTEM32\DBGHELP.DLL
0x00007ffe880e0000 - 0x00007ffe8845b000 	C:\Windows\System32\combase.dll
0x00007ffe86700000 - 0x00007ffe867d7000 	C:\Windows\System32\OLEAUT32.dll
0x00007ffe832c0000 - 0x00007ffe832fc000 	C:\Windows\SYSTEM32\dbgcore.DLL
0x00007ffe86270000 - 0x00007ffe86308000 	C:\Windows\System32\bcryptPrimitives.dll
0x00007ffe6c810000 - 0x00007ffe6c81f000 	c:\Users\deana\.vscode\extensions\redhat.java-1.47.0-win32-x64\jre\21.0.8-win32-x86_64\bin\instrument.dll
0x00007ffe69f40000 - 0x00007ffe69f5f000 	c:\Users\deana\.vscode\extensions\redhat.java-1.47.0-win32-x64\jre\21.0.8-win32-x86_64\bin\java.dll
0x00007ffe86870000 - 0x00007ffe86fbd000 	C:\Windows\System32\SHELL32.dll
0x00007ffe85a50000 - 0x00007ffe85bbb000 	C:\Windows\System32\wintypes.dll
0x00007ffe83680000 - 0x00007ffe83edd000 	C:\Windows\SYSTEM32\windows.storage.dll
0x00007ffe87360000 - 0x00007ffe87452000 	C:\Windows\System32\SHCORE.dll
0x00007ffe87460000 - 0x00007ffe874c2000 	C:\Windows\System32\shlwapi.dll
0x00007ffe85970000 - 0x00007ffe85999000 	C:\Windows\SYSTEM32\profapi.dll
0x00007ffe5e170000 - 0x00007ffe5e188000 	c:\Users\deana\.vscode\extensions\redhat.java-1.47.0-win32-x64\jre\21.0.8-win32-x86_64\bin\zip.dll
0x00007ffe6c6c0000 - 0x00007ffe6c6d0000 	C:\Users\deana\.vscode\extensions\redhat.java-1.47.0-win32-x64\jre\21.0.8-win32-x86_64\bin\net.dll
0x00007ffe7e590000 - 0x00007ffe7e6af000 	C:\Windows\SYSTEM32\WINHTTP.dll
0x00007ffe84d90000 - 0x00007ffe84dfb000 	C:\Windows\system32\mswsock.dll
0x00007ffe5dd60000 - 0x00007ffe5dd76000 	C:\Users\deana\.vscode\extensions\redhat.java-1.47.0-win32-x64\jre\21.0.8-win32-x86_64\bin\nio.dll
0x00007ffe6b190000 - 0x00007ffe6b1a0000 	c:\Users\deana\.vscode\extensions\redhat.java-1.47.0-win32-x64\jre\21.0.8-win32-x86_64\bin\verify.dll
0x00007ffe51660000 - 0x00007ffe516a4000 	C:\Users\deana\AppData\Roaming\Code\User\globalStorage\redhat.java\1.47.0\config_win\org.eclipse.equinox.launcher\org.eclipse.equinox.launcher.win32.win32.x86_64_1.2.1400.v20250801-0854\eclipse_11916.dll
0x00007ffe885d0000 - 0x00007ffe88768000 	C:\Windows\System32\ole32.dll
0x00007ffe85040000 - 0x00007ffe8505b000 	C:\Windows\SYSTEM32\CRYPTSP.dll
0x00007ffe84780000 - 0x00007ffe847bb000 	C:\Windows\system32\rsaenh.dll
0x00007ffe84e30000 - 0x00007ffe84e5b000 	C:\Windows\SYSTEM32\USERENV.dll
0x00007ffe85940000 - 0x00007ffe85966000 	C:\Windows\SYSTEM32\bcrypt.dll
0x00007ffe85060000 - 0x00007ffe8506c000 	C:\Windows\SYSTEM32\CRYPTBASE.dll
0x00007ffe84370000 - 0x00007ffe843a4000 	C:\Windows\SYSTEM32\IPHLPAPI.DLL
0x00007ffe867e0000 - 0x00007ffe867ea000 	C:\Windows\System32\NSI.dll
0x00007ffe477c0000 - 0x00007ffe47809000 	C:\Users\deana\AppData\Local\Temp\jna-95457715\jna10278137518802156225.dll
0x00007ffe887c0000 - 0x00007ffe887c8000 	C:\Windows\System32\PSAPI.DLL
0x00007ffe7e950000 - 0x00007ffe7e96e000 	C:\Windows\SYSTEM32\dhcpcsvc6.DLL
0x00007ffe7e820000 - 0x00007ffe7e843000 	C:\Windows\SYSTEM32\dhcpcsvc.DLL
0x00007ffe81d90000 - 0x00007ffe81d9e000 	C:\Users\deana\.vscode\extensions\redhat.java-1.47.0-win32-x64\jre\21.0.8-win32-x86_64\bin\sunmscapi.dll
0x00007ffe86510000 - 0x00007ffe86687000 	C:\Windows\System32\CRYPT32.dll
0x00007ffe85260000 - 0x00007ffe85290000 	C:\Windows\SYSTEM32\ncrypt.dll
0x00007ffe85210000 - 0x00007ffe8524f000 	C:\Windows\SYSTEM32\NTASN1.dll
0x00007ffe843b0000 - 0x00007ffe844d6000 	C:\Windows\SYSTEM32\DNSAPI.dll
0x00007ffe7b750000 - 0x00007ffe7b75b000 	C:\Windows\System32\rasadhlp.dll
0x00007ffe7ee60000 - 0x00007ffe7eee6000 	C:\Windows\System32\fwpuclnt.dll
0x00007ffe81d80000 - 0x00007ffe81d89000 	C:\Users\deana\.vscode\extensions\redhat.java-1.47.0-win32-x64\jre\21.0.8-win32-x86_64\bin\extnet.dll

JVMTI agents:
c:\Users\deana\.vscode\extensions\redhat.java-1.47.0-win32-x64\lombok\lombok-1.18.39-4050.jar path:c:\Users\deana\.vscode\extensions\redhat.java-1.47.0-win32-x64\jre\21.0.8-win32-x86_64\bin\instrument.dll, loaded, initialized, instrumentlib options:none

dbghelp: loaded successfully - version: 4.0.5 - missing functions: none
symbol engine: initialized successfully - sym options: 0x614 - pdb path: .;c:\Users\deana\.vscode\extensions\redhat.java-1.47.0-win32-x64\jre\21.0.8-win32-x86_64\bin;C:\Windows\SYSTEM32;C:\Windows\WinSxS\amd64_microsoft.windows.common-controls_6595b64144ccf1df_6.0.26100.6899_none_3e0efeeae32e88c1;c:\Users\deana\.vscode\extensions\redhat.java-1.47.0-win32-x64\jre\21.0.8-win32-x86_64\bin\server;C:\Users\deana\AppData\Roaming\Code\User\globalStorage\redhat.java\1.47.0\config_win\org.eclipse.equinox.launcher\org.eclipse.equinox.launcher.win32.win32.x86_64_1.2.1400.v20250801-0854;C:\Users\deana\AppData\Local\Temp\jna-95457715

VM Arguments:
jvm_args: --add-modules=ALL-SYSTEM --add-opens=java.base/java.util=ALL-UNNAMED --add-opens=java.base/java.lang=ALL-UNNAMED --add-opens=java.base/sun.nio.fs=ALL-UNNAMED -Declipse.application=org.eclipse.jdt.ls.core.id1 -Dosgi.bundles.defaultStartLevel=4 -Declipse.product=org.eclipse.jdt.ls.core.product -Djava.import.generatesMetadataFilesAtProjectRoot=false -DDetectVMInstallationsJob.disabled=true -Dfile.encoding=utf8 -XX:+UseParallelGC -XX:GCTimeRatio=4 -XX:AdaptiveSizePolicyWeight=90 -Dsun.zip.disableMemoryMapping=true -Xmx2G -Xms100m -Xlog:disable -javaagent:c:\Users\deana\.vscode\extensions\redhat.java-1.47.0-win32-x64\lombok\lombok-1.18.39-4050.jar -XX:+HeapDumpOnOutOfMemoryError -XX:HeapDumpPath=c:\Users\deana\AppData\Roaming\Code\User\workspaceStorage\17b384ba72b626b6a9297c97e2fdff76\redhat.java -Daether.dependencyCollector.impl=bf 
java_command: c:\Users\deana\.vscode\extensions\redhat.java-1.47.0-win32-x64\server\plugins\org.eclipse.equinox.launcher_1.7.100.v20251014-1222.jar -configuration c:\Users\deana\AppData\Roaming\Code\User\globalStorage\redhat.java\1.47.0\config_win -data c:\Users\deana\AppData\Roaming\Code\User\workspaceStorage\17b384ba72b626b6a9297c97e2fdff76\redhat.java\jdt_ws --pipe=\\.\pipe\lsp-975f7a3482a400743a068469a155ef78-sock
java_class_path (initial): c:\Users\deana\.vscode\extensions\redhat.java-1.47.0-win32-x64\server\plugins\org.eclipse.equinox.launcher_1.7.100.v20251014-1222.jar
Launcher Type: SUN_STANDARD

[Global flags]
    uintx AdaptiveSizePolicyWeight                 = 90                                        {product} {command line}
     intx CICompilerCount                          = 4                                         {product} {ergonomic}
    uintx GCTimeRatio                              = 4                                         {product} {command line}
     bool HeapDumpOnOutOfMemoryError               = true                                   {manageable} {command line}
    ccstr HeapDumpPath                             = c:\Users\deana\AppData\Roaming\Code\User\workspaceStorage\17b384ba72b626b6a9297c97e2fdff76\redhat.java         {manageable} {command line}
   size_t InitialHeapSize                          = 104857600                                 {product} {command line}
   size_t MaxHeapSize                              = 2147483648                                {product} {command line}
   size_t MaxNewSize                               = 715653120                                 {product} {ergonomic}
   size_t MinHeapDeltaBytes                        = 524288                                    {product} {ergonomic}
   size_t MinHeapSize                              = 104857600                                 {product} {command line}
   size_t NewSize                                  = 34603008                                  {product} {ergonomic}
    uintx NonNMethodCodeHeapSize                   = 5839372                                {pd product} {ergonomic}
    uintx NonProfiledCodeHeapSize                  = 122909434                              {pd product} {ergonomic}
   size_t OldSize                                  = 70254592                                  {product} {ergonomic}
    uintx ProfiledCodeHeapSize                     = 122909434                              {pd product} {ergonomic}
    uintx ReservedCodeCacheSize                    = 251658240                              {pd product} {ergonomic}
     bool SegmentedCodeCache                       = true                                      {product} {ergonomic}
   size_t SoftMaxHeapSize                          = 2147483648                             {manageable} {ergonomic}
     bool UseCompressedOops                        = true                           {product lp64_product} {ergonomic}
     bool UseLargePagesIndividualAllocation        = false                                  {pd product} {ergonomic}
     bool UseParallelGC                            = true                                      {product} {command line}

Logging:
Log output configuration:
 #0: stdout all=off uptime,level,tags foldmultilines=false
 #1: stderr all=off uptime,level,tags foldmultilines=false

Environment Variables:
JAVA_HOME=C:\Program Files\Java\jdk-21.0.6.7-hotspot
PATH=C:\Windows\system32;C:\Windows;C:\Windows\System32\Wbem;C:\Windows\System32\WindowsPowerShell\v1.0\;C:\Windows\System32\OpenSSH\;C:\Program Files\dotnet\;C:\Regina;C:\Program Files (x86)\Microsoft SQL Server\160\Tools\Binn\;C:\Program Files\Microsoft SQL Server\160\Tools\Binn\;C:\Program Files\Microsoft SQL Server\Client SDK\ODBC\170\Tools\Binn\;C:\Program Files\Microsoft SQL Server\160\DTS\Binn\;C:\Program Files (x86)\Microsoft SQL Server\160\DTS\Binn\;C:\Program Files\Microsoft VS Code\bin;C:\Program Files\nodejs\;C:\ProgramData\chocolatey\bin;C:\Program Files\Amazon\AWSCLIV2\;C:\Program Files\Git\cmd;C:\Program Files\Kubernetes\Minikube;C:\Program Files\Amazon\SessionManagerPlugin\bin\;C:\Users\deana\AppData\Local\Microsoft\WindowsApps;C:\Regina;C:\Program Files\TextPad 7;c:\Program Files\7-Zip;c:\Program Files\WildEdit;C:\Program Files\Java\jdk-24\bin;C:\Users\deana\AppData\Local\GitHubDesktop\bin;C:\Users\deana\AppData\Roaming\npm;C:\Program Files\JetBrains\PyCharm 2025.1.3.1\bin;C:\Users\deana\.dotnet\tools;C:\Program Files\PostgreSQL\17\bin;
USERNAME=deana
OS=Windows_NT
PROCESSOR_IDENTIFIER=Intel64 Family 6 Model 186 Stepping 3, GenuineIntel
TMP=C:\Users\deana\AppData\Local\Temp
TEMP=C:\Users\deana\AppData\Local\Temp




Periodic native trim disabled

---------------  S Y S T E M  ---------------

OS:
 Windows 11 , 64 bit Build 26100 (10.0.26100.6725)
OS uptime: 8 days 19:02 hours
Hyper-V role detected

CPU: total 12 (initial active 12) (6 cores per cpu, 2 threads per core) family 6 model 186 stepping 3 microcode 0x4128, cx8, cmov, fxsr, ht, mmx, 3dnowpref, sse, sse2, sse3, ssse3, sse4.1, sse4.2, popcnt, lzcnt, tsc, tscinvbit, avx, avx2, aes, erms, clmul, bmi1, bmi2, adx, sha, fma, vzeroupper, clflush, clflushopt, clwb, hv, serialize, rdtscp, rdpid, fsrm, f16c, cet_ibt, cet_ss
Processor Information for the first 12 processors :
  Max Mhz: 1700, Current Mhz: 1700, Mhz Limit: 1700

Memory: 4k page, system-wide physical 16068M (2620M free)
TotalPageFile size 65220M (AvailPageFile size 19M)
current process WorkingSet (physical memory assigned to process): 388M, peak: 419M
current process commit charge ("private bytes"): 471M, peak: 496M

vm_info: OpenJDK 64-Bit Server VM (21.0.8+9-LTS) for windows-amd64 JRE (21.0.8+9-LTS), built on 2025-07-15T00:00:00Z by "admin" with MS VC++ 17.7 (VS2022)

END.
